DEBUG - 2025-07-30 08:02:37 --> Session: Class initialized using 'CodeIgniter\Session\Handlers\FileHandler' driver.
DEBUG - 2025-07-30 08:02:39 --> Session: Class initialized using 'CodeIgniter\Session\Handlers\FileHandler' driver.
DEBUG - 2025-07-30 08:02:41 --> Session: Class initialized using 'CodeIgniter\Session\Handlers\FileHandler' driver.
DEBUG - 2025-07-30 08:02:43 --> Session: Class initialized using 'CodeIgniter\Session\Handlers\FileHandler' driver.
DEBUG - 2025-07-30 08:03:14 --> Session: Class initialized using 'CodeIgniter\Session\Handlers\FileHandler' driver.
DEBUG - 2025-07-30 08:03:14 --> Session: Class initialized using 'CodeIgniter\Session\Handlers\FileHandler' driver.
INFO - 2025-07-30 08:03:21 --> CSRF token verified.
DEBUG - 2025-07-30 08:03:21 --> Session: Class initialized using 'CodeIgniter\Session\Handlers\FileHandler' driver.
CRITICAL - 2025-07-30 08:03:22 --> CodeIgniter\Validation\Exceptions\ValidationException: "validateUser" is not a valid rule.
[Method: POST, Route: login/process]
in SYSTEMPATH/Validation/Validation.php on line 345.
 1 SYSTEMPATH/Validation/Validation.php(345): CodeIgniter\Validation\Exceptions\ValidationException::forRuleNotFound('validateUser')
 2 SYSTEMPATH/Validation/Validation.php(201): CodeIgniter\Validation\Validation->processRules('password', 'password', 'password123', [...], [...], 'password')
 3 SYSTEMPATH/Controller.php(138): CodeIgniter\Validation\Validation->run()
 4 APPPATH/Controllers/AuthController.php(35): CodeIgniter\Controller->validate([...])
 5 SYSTEMPATH/CodeIgniter.php(933): App\Controllers\AuthController->processLogin()
 6 SYSTEMPATH/CodeIgniter.php(507): CodeIgniter\CodeIgniter->runController(Object(App\Controllers\AuthController))
 7 SYSTEMPATH/CodeIgniter.php(354): CodeIgniter\CodeIgniter->handleRequest(null, Object(Config\Cache), false)
 8 SYSTEMPATH/Boot.php(334): CodeIgniter\CodeIgniter->run()
 9 SYSTEMPATH/Boot.php(67): CodeIgniter\Boot::runCodeIgniter(Object(CodeIgniter\CodeIgniter))
10 FCPATH/index.php(59): CodeIgniter\Boot::bootWeb(Object(Config\Paths))
INFO - 2025-07-30 08:03:32 --> CSRF token verified.
DEBUG - 2025-07-30 08:03:32 --> Session: Class initialized using 'CodeIgniter\Session\Handlers\FileHandler' driver.
CRITICAL - 2025-07-30 08:03:32 --> CodeIgniter\Validation\Exceptions\ValidationException: "validateUser" is not a valid rule.
[Method: POST, Route: login/process]
in SYSTEMPATH/Validation/Validation.php on line 345.
 1 SYSTEMPATH/Validation/Validation.php(345): CodeIgniter\Validation\Exceptions\ValidationException::forRuleNotFound('validateUser')
 2 SYSTEMPATH/Validation/Validation.php(201): CodeIgniter\Validation\Validation->processRules('password', 'password', 'password123', [...], [...], 'password')
 3 SYSTEMPATH/Controller.php(138): CodeIgniter\Validation\Validation->run()
 4 APPPATH/Controllers/AuthController.php(35): CodeIgniter\Controller->validate([...])
 5 SYSTEMPATH/CodeIgniter.php(933): App\Controllers\AuthController->processLogin()
 6 SYSTEMPATH/CodeIgniter.php(507): CodeIgniter\CodeIgniter->runController(Object(App\Controllers\AuthController))
 7 SYSTEMPATH/CodeIgniter.php(354): CodeIgniter\CodeIgniter->handleRequest(null, Object(Config\Cache), false)
 8 SYSTEMPATH/Boot.php(334): CodeIgniter\CodeIgniter->run()
 9 SYSTEMPATH/Boot.php(67): CodeIgniter\Boot::runCodeIgniter(Object(CodeIgniter\CodeIgniter))
10 FCPATH/index.php(59): CodeIgniter\Boot::bootWeb(Object(Config\Paths))
INFO - 2025-07-30 08:05:55 --> CSRF token verified.
DEBUG - 2025-07-30 08:05:55 --> Session: Class initialized using 'CodeIgniter\Session\Handlers\FileHandler' driver.
CRITICAL - 2025-07-30 08:05:55 --> CodeIgniter\Validation\Exceptions\ValidationException: "validateUser" is not a valid rule.
[Method: POST, Route: login/process]
in SYSTEMPATH/Validation/Validation.php on line 345.
 1 SYSTEMPATH/Validation/Validation.php(345): CodeIgniter\Validation\Exceptions\ValidationException::forRuleNotFound('validateUser')
 2 SYSTEMPATH/Validation/Validation.php(201): CodeIgniter\Validation\Validation->processRules('password', 'password', 'password123', [...], [...], 'password')
 3 SYSTEMPATH/Controller.php(138): CodeIgniter\Validation\Validation->run()
 4 APPPATH/Controllers/AuthController.php(35): CodeIgniter\Controller->validate([...])
 5 SYSTEMPATH/CodeIgniter.php(933): App\Controllers\AuthController->processLogin()
 6 SYSTEMPATH/CodeIgniter.php(507): CodeIgniter\CodeIgniter->runController(Object(App\Controllers\AuthController))
 7 SYSTEMPATH/CodeIgniter.php(354): CodeIgniter\CodeIgniter->handleRequest(null, Object(Config\Cache), false)
 8 SYSTEMPATH/Boot.php(334): CodeIgniter\CodeIgniter->run()
 9 SYSTEMPATH/Boot.php(67): CodeIgniter\Boot::runCodeIgniter(Object(CodeIgniter\CodeIgniter))
10 FCPATH/index.php(59): CodeIgniter\Boot::bootWeb(Object(Config\Paths))
DEBUG - 2025-07-30 08:05:57 --> Session: Class initialized using 'CodeIgniter\Session\Handlers\FileHandler' driver.
DEBUG - 2025-07-30 08:17:02 --> Session: Class initialized using 'CodeIgniter\Session\Handlers\FileHandler' driver.
DEBUG - 2025-07-30 08:17:04 --> Session: Class initialized using 'CodeIgniter\Session\Handlers\FileHandler' driver.
DEBUG - 2025-07-30 08:19:32 --> Session: Class initialized using 'CodeIgniter\Session\Handlers\FileHandler' driver.
DEBUG - 2025-07-30 08:19:34 --> Session: Class initialized using 'CodeIgniter\Session\Handlers\FileHandler' driver.
INFO - 2025-07-30 08:19:42 --> CSRF token verified.
DEBUG - 2025-07-30 08:19:42 --> Session: Class initialized using 'CodeIgniter\Session\Handlers\FileHandler' driver.
CRITICAL - 2025-07-30 08:19:42 --> CodeIgniter\Validation\Exceptions\ValidationException: "validateUser" is not a valid rule.
[Method: POST, Route: login/process]
in SYSTEMPATH/Validation/Validation.php on line 345.
 1 SYSTEMPATH/Validation/Validation.php(345): CodeIgniter\Validation\Exceptions\ValidationException::forRuleNotFound('validateUser')
 2 SYSTEMPATH/Validation/Validation.php(201): CodeIgniter\Validation\Validation->processRules('password', 'password', 'password123', [...], [...], 'password')
 3 SYSTEMPATH/Controller.php(138): CodeIgniter\Validation\Validation->run()
 4 APPPATH/Controllers/AuthController.php(35): CodeIgniter\Controller->validate([...])
 5 SYSTEMPATH/CodeIgniter.php(933): App\Controllers\AuthController->processLogin()
 6 SYSTEMPATH/CodeIgniter.php(507): CodeIgniter\CodeIgniter->runController(Object(App\Controllers\AuthController))
 7 SYSTEMPATH/CodeIgniter.php(354): CodeIgniter\CodeIgniter->handleRequest(null, Object(Config\Cache), false)
 8 SYSTEMPATH/Boot.php(334): CodeIgniter\CodeIgniter->run()
 9 SYSTEMPATH/Boot.php(67): CodeIgniter\Boot::runCodeIgniter(Object(CodeIgniter\CodeIgniter))
10 FCPATH/index.php(59): CodeIgniter\Boot::bootWeb(Object(Config\Paths))
INFO - 2025-07-30 08:19:48 --> CSRF token verified.
DEBUG - 2025-07-30 08:19:48 --> Session: Class initialized using 'CodeIgniter\Session\Handlers\FileHandler' driver.
CRITICAL - 2025-07-30 08:19:48 --> CodeIgniter\Validation\Exceptions\ValidationException: "validateUser" is not a valid rule.
[Method: POST, Route: login/process]
in SYSTEMPATH/Validation/Validation.php on line 345.
 1 SYSTEMPATH/Validation/Validation.php(345): CodeIgniter\Validation\Exceptions\ValidationException::forRuleNotFound('validateUser')
 2 SYSTEMPATH/Validation/Validation.php(201): CodeIgniter\Validation\Validation->processRules('password', 'password', 'password123', [...], [...], 'password')
 3 SYSTEMPATH/Controller.php(138): CodeIgniter\Validation\Validation->run()
 4 APPPATH/Controllers/AuthController.php(35): CodeIgniter\Controller->validate([...])
 5 SYSTEMPATH/CodeIgniter.php(933): App\Controllers\AuthController->processLogin()
 6 SYSTEMPATH/CodeIgniter.php(507): CodeIgniter\CodeIgniter->runController(Object(App\Controllers\AuthController))
 7 SYSTEMPATH/CodeIgniter.php(354): CodeIgniter\CodeIgniter->handleRequest(null, Object(Config\Cache), false)
 8 SYSTEMPATH/Boot.php(334): CodeIgniter\CodeIgniter->run()
 9 SYSTEMPATH/Boot.php(67): CodeIgniter\Boot::runCodeIgniter(Object(CodeIgniter\CodeIgniter))
10 FCPATH/index.php(59): CodeIgniter\Boot::bootWeb(Object(Config\Paths))
INFO - 2025-07-30 08:26:41 --> CSRF token verified.
DEBUG - 2025-07-30 08:26:41 --> Session: Class initialized using 'CodeIgniter\Session\Handlers\FileHandler' driver.
CRITICAL - 2025-07-30 08:26:41 --> CodeIgniter\Validation\Exceptions\ValidationException: "validateUser" is not a valid rule.
[Method: POST, Route: login/process]
in SYSTEMPATH/Validation/Validation.php on line 345.
 1 SYSTEMPATH/Validation/Validation.php(345): CodeIgniter\Validation\Exceptions\ValidationException::forRuleNotFound('validateUser')
 2 SYSTEMPATH/Validation/Validation.php(201): CodeIgniter\Validation\Validation->processRules('password', 'password', 'password123', [...], [...], 'password')
 3 SYSTEMPATH/Controller.php(138): CodeIgniter\Validation\Validation->run()
 4 APPPATH/Controllers/AuthController.php(35): CodeIgniter\Controller->validate([...])
 5 SYSTEMPATH/CodeIgniter.php(933): App\Controllers\AuthController->processLogin()
 6 SYSTEMPATH/CodeIgniter.php(507): CodeIgniter\CodeIgniter->runController(Object(App\Controllers\AuthController))
 7 SYSTEMPATH/CodeIgniter.php(354): CodeIgniter\CodeIgniter->handleRequest(null, Object(Config\Cache), false)
 8 SYSTEMPATH/Boot.php(334): CodeIgniter\CodeIgniter->run()
 9 SYSTEMPATH/Boot.php(67): CodeIgniter\Boot::runCodeIgniter(Object(CodeIgniter\CodeIgniter))
10 FCPATH/index.php(59): CodeIgniter\Boot::bootWeb(Object(Config\Paths))
INFO - 2025-07-30 08:45:41 --> CSRF token verified.
DEBUG - 2025-07-30 08:45:41 --> Session: Class initialized using 'CodeIgniter\Session\Handlers\FileHandler' driver.
CRITICAL - 2025-07-30 08:45:41 --> CodeIgniter\Validation\Exceptions\ValidationException: "validateUser" is not a valid rule.
[Method: POST, Route: login/process]
in SYSTEMPATH/Validation/Validation.php on line 345.
 1 SYSTEMPATH/Validation/Validation.php(345): CodeIgniter\Validation\Exceptions\ValidationException::forRuleNotFound('validateUser')
 2 SYSTEMPATH/Validation/Validation.php(201): CodeIgniter\Validation\Validation->processRules('password', 'password', 'password123', [...], [...], 'password')
 3 SYSTEMPATH/Controller.php(138): CodeIgniter\Validation\Validation->run()
 4 APPPATH/Controllers/AuthController.php(35): CodeIgniter\Controller->validate([...])
 5 SYSTEMPATH/CodeIgniter.php(933): App\Controllers\AuthController->processLogin()
 6 SYSTEMPATH/CodeIgniter.php(507): CodeIgniter\CodeIgniter->runController(Object(App\Controllers\AuthController))
 7 SYSTEMPATH/CodeIgniter.php(354): CodeIgniter\CodeIgniter->handleRequest(null, Object(Config\Cache), false)
 8 SYSTEMPATH/Boot.php(334): CodeIgniter\CodeIgniter->run()
 9 SYSTEMPATH/Boot.php(67): CodeIgniter\Boot::runCodeIgniter(Object(CodeIgniter\CodeIgniter))
10 FCPATH/index.php(59): CodeIgniter\Boot::bootWeb(Object(Config\Paths))
DEBUG - 2025-07-30 09:13:24 --> Session: Class initialized using 'CodeIgniter\Session\Handlers\FileHandler' driver.
INFO - 2025-07-30 09:13:32 --> CSRF token verified.
DEBUG - 2025-07-30 09:13:32 --> Session: Class initialized using 'CodeIgniter\Session\Handlers\FileHandler' driver.
CRITICAL - 2025-07-30 09:13:32 --> CodeIgniter\Validation\Exceptions\ValidationException: "validateUser" is not a valid rule.
[Method: POST, Route: login/process]
in SYSTEMPATH/Validation/Validation.php on line 345.
 1 SYSTEMPATH/Validation/Validation.php(345): CodeIgniter\Validation\Exceptions\ValidationException::forRuleNotFound('validateUser')
 2 SYSTEMPATH/Validation/Validation.php(201): CodeIgniter\Validation\Validation->processRules('password', 'password', 'password123', [...], [...], 'password')
 3 SYSTEMPATH/Controller.php(138): CodeIgniter\Validation\Validation->run()
 4 APPPATH/Controllers/AuthController.php(39): CodeIgniter\Controller->validate([...])
 5 SYSTEMPATH/CodeIgniter.php(933): App\Controllers\AuthController->processLogin()
 6 SYSTEMPATH/CodeIgniter.php(507): CodeIgniter\CodeIgniter->runController(Object(App\Controllers\AuthController))
 7 SYSTEMPATH/CodeIgniter.php(354): CodeIgniter\CodeIgniter->handleRequest(null, Object(Config\Cache), false)
 8 SYSTEMPATH/Boot.php(334): CodeIgniter\CodeIgniter->run()
 9 SYSTEMPATH/Boot.php(67): CodeIgniter\Boot::runCodeIgniter(Object(CodeIgniter\CodeIgniter))
10 FCPATH/index.php(59): CodeIgniter\Boot::bootWeb(Object(Config\Paths))
INFO - 2025-07-30 09:17:25 --> CSRF token verified.
DEBUG - 2025-07-30 09:17:25 --> Session: Class initialized using 'CodeIgniter\Session\Handlers\FileHandler' driver.
CRITICAL - 2025-07-30 09:17:25 --> CodeIgniter\Validation\Exceptions\ValidationException: "validateUser" is not a valid rule.
[Method: POST, Route: login/process]
in SYSTEMPATH/Validation/Validation.php on line 345.
 1 SYSTEMPATH/Validation/Validation.php(345): CodeIgniter\Validation\Exceptions\ValidationException::forRuleNotFound('validateUser')
 2 SYSTEMPATH/Validation/Validation.php(201): CodeIgniter\Validation\Validation->processRules('password', 'password', 'password123', [...], [...], 'password')
 3 SYSTEMPATH/Controller.php(138): CodeIgniter\Validation\Validation->run()
 4 APPPATH/Controllers/AuthController.php(39): CodeIgniter\Controller->validate([...])
 5 SYSTEMPATH/CodeIgniter.php(933): App\Controllers\AuthController->processLogin()
 6 SYSTEMPATH/CodeIgniter.php(507): CodeIgniter\CodeIgniter->runController(Object(App\Controllers\AuthController))
 7 SYSTEMPATH/CodeIgniter.php(354): CodeIgniter\CodeIgniter->handleRequest(null, Object(Config\Cache), false)
 8 SYSTEMPATH/Boot.php(334): CodeIgniter\CodeIgniter->run()
 9 SYSTEMPATH/Boot.php(67): CodeIgniter\Boot::runCodeIgniter(Object(CodeIgniter\CodeIgniter))
10 FCPATH/index.php(59): CodeIgniter\Boot::bootWeb(Object(Config\Paths))
DEBUG - 2025-07-30 09:28:08 --> Session: Class initialized using 'CodeIgniter\Session\Handlers\FileHandler' driver.
INFO - 2025-07-30 09:28:13 --> CSRF token verified.
DEBUG - 2025-07-30 09:28:13 --> Session: Class initialized using 'CodeIgniter\Session\Handlers\FileHandler' driver.
CRITICAL - 2025-07-30 09:28:14 --> CodeIgniter\Validation\Exceptions\ValidationException: "validateUser" is not a valid rule.
[Method: POST, Route: login/process]
in SYSTEMPATH/Validation/Validation.php on line 345.
 1 SYSTEMPATH/Validation/Validation.php(345): CodeIgniter\Validation\Exceptions\ValidationException::forRuleNotFound('validateUser')
 2 SYSTEMPATH/Validation/Validation.php(201): CodeIgniter\Validation\Validation->processRules('password', 'password', 'PASSWORD123', [...], [...], 'password')
 3 SYSTEMPATH/Controller.php(138): CodeIgniter\Validation\Validation->run()
 4 APPPATH/Controllers/AuthController.php(39): CodeIgniter\Controller->validate([...])
 5 SYSTEMPATH/CodeIgniter.php(933): App\Controllers\AuthController->processLogin()
 6 SYSTEMPATH/CodeIgniter.php(507): CodeIgniter\CodeIgniter->runController(Object(App\Controllers\AuthController))
 7 SYSTEMPATH/CodeIgniter.php(354): CodeIgniter\CodeIgniter->handleRequest(null, Object(Config\Cache), false)
 8 SYSTEMPATH/Boot.php(334): CodeIgniter\CodeIgniter->run()
 9 SYSTEMPATH/Boot.php(67): CodeIgniter\Boot::runCodeIgniter(Object(CodeIgniter\CodeIgniter))
10 FCPATH/index.php(59): CodeIgniter\Boot::bootWeb(Object(Config\Paths))
DEBUG - 2025-07-30 09:28:21 --> Session: Class initialized using 'CodeIgniter\Session\Handlers\FileHandler' driver.
DEBUG - 2025-07-30 09:28:21 --> Session: Class initialized using 'CodeIgniter\Session\Handlers\FileHandler' driver.
DEBUG - 2025-07-30 09:28:24 --> Session: Class initialized using 'CodeIgniter\Session\Handlers\FileHandler' driver.
DEBUG - 2025-07-30 09:28:26 --> Session: Class initialized using 'CodeIgniter\Session\Handlers\FileHandler' driver.
DEBUG - 2025-07-30 09:28:27 --> Session: Class initialized using 'CodeIgniter\Session\Handlers\FileHandler' driver.
DEBUG - 2025-07-30 09:28:27 --> Session: Class initialized using 'CodeIgniter\Session\Handlers\FileHandler' driver.
INFO - 2025-07-30 09:28:29 --> CSRF token verified.
DEBUG - 2025-07-30 09:28:29 --> Session: Class initialized using 'CodeIgniter\Session\Handlers\FileHandler' driver.
DEBUG - 2025-07-30 09:28:29 --> Session: Class initialized using 'CodeIgniter\Session\Handlers\FileHandler' driver.
DEBUG - 2025-07-30 09:28:32 --> Session: Class initialized using 'CodeIgniter\Session\Handlers\FileHandler' driver.
DEBUG - 2025-07-30 09:28:32 --> Session: Class initialized using 'CodeIgniter\Session\Handlers\FileHandler' driver.
INFO - 2025-07-30 09:28:37 --> CSRF token verified.
DEBUG - 2025-07-30 09:28:37 --> Session: Class initialized using 'CodeIgniter\Session\Handlers\FileHandler' driver.
DEBUG - 2025-07-30 09:28:37 --> Session: Class initialized using 'CodeIgniter\Session\Handlers\FileHandler' driver.
DEBUG - 2025-07-30 09:54:03 --> Session: Class initialized using 'CodeIgniter\Session\Handlers\FileHandler' driver.
DEBUG - 2025-07-30 09:54:05 --> Session: Class initialized using 'CodeIgniter\Session\Handlers\FileHandler' driver.
INFO - 2025-07-30 09:54:18 --> CSRF token verified.
DEBUG - 2025-07-30 09:54:18 --> Session: Class initialized using 'CodeIgniter\Session\Handlers\FileHandler' driver.
CRITICAL - 2025-07-30 09:54:18 --> CodeIgniter\Validation\Exceptions\ValidationException: "validateUser" is not a valid rule.
[Method: POST, Route: login/process]
in SYSTEMPATH/Validation/Validation.php on line 345.
 1 SYSTEMPATH/Validation/Validation.php(345): CodeIgniter\Validation\Exceptions\ValidationException::forRuleNotFound('validateUser')
 2 SYSTEMPATH/Validation/Validation.php(201): CodeIgniter\Validation\Validation->processRules('password', 'password', 'password123', [...], [...], 'password')
 3 SYSTEMPATH/Controller.php(138): CodeIgniter\Validation\Validation->run()
 4 APPPATH/Controllers/AuthController.php(39): CodeIgniter\Controller->validate([...])
 5 SYSTEMPATH/CodeIgniter.php(933): App\Controllers\AuthController->processLogin()
 6 SYSTEMPATH/CodeIgniter.php(507): CodeIgniter\CodeIgniter->runController(Object(App\Controllers\AuthController))
 7 SYSTEMPATH/CodeIgniter.php(354): CodeIgniter\CodeIgniter->handleRequest(null, Object(Config\Cache), false)
 8 SYSTEMPATH/Boot.php(334): CodeIgniter\CodeIgniter->run()
 9 SYSTEMPATH/Boot.php(67): CodeIgniter\Boot::runCodeIgniter(Object(CodeIgniter\CodeIgniter))
10 FCPATH/index.php(59): CodeIgniter\Boot::bootWeb(Object(Config\Paths))
INFO - 2025-07-30 09:54:22 --> CSRF token verified.
DEBUG - 2025-07-30 09:54:22 --> Session: Class initialized using 'CodeIgniter\Session\Handlers\FileHandler' driver.
CRITICAL - 2025-07-30 09:54:22 --> CodeIgniter\Validation\Exceptions\ValidationException: "validateUser" is not a valid rule.
[Method: POST, Route: login/process]
in SYSTEMPATH/Validation/Validation.php on line 345.
 1 SYSTEMPATH/Validation/Validation.php(345): CodeIgniter\Validation\Exceptions\ValidationException::forRuleNotFound('validateUser')
 2 SYSTEMPATH/Validation/Validation.php(201): CodeIgniter\Validation\Validation->processRules('password', 'password', 'password123', [...], [...], 'password')
 3 SYSTEMPATH/Controller.php(138): CodeIgniter\Validation\Validation->run()
 4 APPPATH/Controllers/AuthController.php(39): CodeIgniter\Controller->validate([...])
 5 SYSTEMPATH/CodeIgniter.php(933): App\Controllers\AuthController->processLogin()
 6 SYSTEMPATH/CodeIgniter.php(507): CodeIgniter\CodeIgniter->runController(Object(App\Controllers\AuthController))
 7 SYSTEMPATH/CodeIgniter.php(354): CodeIgniter\CodeIgniter->handleRequest(null, Object(Config\Cache), false)
 8 SYSTEMPATH/Boot.php(334): CodeIgniter\CodeIgniter->run()
 9 SYSTEMPATH/Boot.php(67): CodeIgniter\Boot::runCodeIgniter(Object(CodeIgniter\CodeIgniter))
10 FCPATH/index.php(59): CodeIgniter\Boot::bootWeb(Object(Config\Paths))
INFO - 2025-07-30 09:56:09 --> CSRF token verified.
DEBUG - 2025-07-30 09:56:09 --> Session: Class initialized using 'CodeIgniter\Session\Handlers\FileHandler' driver.
CRITICAL - 2025-07-30 09:56:09 --> CodeIgniter\Validation\Exceptions\ValidationException: "validateUser" is not a valid rule.
[Method: POST, Route: login/process]
in SYSTEMPATH/Validation/Validation.php on line 345.
 1 SYSTEMPATH/Validation/Validation.php(345): CodeIgniter\Validation\Exceptions\ValidationException::forRuleNotFound('validateUser')
 2 SYSTEMPATH/Validation/Validation.php(201): CodeIgniter\Validation\Validation->processRules('password', 'password', 'password123', [...], [...], 'password')
 3 SYSTEMPATH/Controller.php(138): CodeIgniter\Validation\Validation->run()
 4 APPPATH/Controllers/AuthController.php(39): CodeIgniter\Controller->validate([...])
 5 SYSTEMPATH/CodeIgniter.php(933): App\Controllers\AuthController->processLogin()
 6 SYSTEMPATH/CodeIgniter.php(507): CodeIgniter\CodeIgniter->runController(Object(App\Controllers\AuthController))
 7 SYSTEMPATH/CodeIgniter.php(354): CodeIgniter\CodeIgniter->handleRequest(null, Object(Config\Cache), false)
 8 SYSTEMPATH/Boot.php(334): CodeIgniter\CodeIgniter->run()
 9 SYSTEMPATH/Boot.php(67): CodeIgniter\Boot::runCodeIgniter(Object(CodeIgniter\CodeIgniter))
10 FCPATH/index.php(59): CodeIgniter\Boot::bootWeb(Object(Config\Paths))
DEBUG - 2025-07-30 09:56:16 --> Session: Class initialized using 'CodeIgniter\Session\Handlers\FileHandler' driver.
DEBUG - 2025-07-30 09:56:19 --> Session: Class initialized using 'CodeIgniter\Session\Handlers\FileHandler' driver.
DEBUG - 2025-07-30 09:56:19 --> Session: Class initialized using 'CodeIgniter\Session\Handlers\FileHandler' driver.
DEBUG - 2025-07-30 09:56:19 --> Session: Class initialized using 'CodeIgniter\Session\Handlers\FileHandler' driver.
DEBUG - 2025-07-30 09:56:21 --> Session: Class initialized using 'CodeIgniter\Session\Handlers\FileHandler' driver.
INFO - 2025-07-30 09:56:34 --> CSRF token verified.
DEBUG - 2025-07-30 09:56:34 --> Session: Class initialized using 'CodeIgniter\Session\Handlers\FileHandler' driver.
CRITICAL - 2025-07-30 09:56:34 --> CodeIgniter\Validation\Exceptions\ValidationException: "validateUser" is not a valid rule.
[Method: POST, Route: login/process]
in SYSTEMPATH/Validation/Validation.php on line 345.
 1 SYSTEMPATH/Validation/Validation.php(345): CodeIgniter\Validation\Exceptions\ValidationException::forRuleNotFound('validateUser')
 2 SYSTEMPATH/Validation/Validation.php(201): CodeIgniter\Validation\Validation->processRules('password', 'password', 'password123', [...], [...], 'password')
 3 SYSTEMPATH/Controller.php(138): CodeIgniter\Validation\Validation->run()
 4 APPPATH/Controllers/AuthController.php(39): CodeIgniter\Controller->validate([...])
 5 SYSTEMPATH/CodeIgniter.php(933): App\Controllers\AuthController->processLogin()
 6 SYSTEMPATH/CodeIgniter.php(507): CodeIgniter\CodeIgniter->runController(Object(App\Controllers\AuthController))
 7 SYSTEMPATH/CodeIgniter.php(354): CodeIgniter\CodeIgniter->handleRequest(null, Object(Config\Cache), false)
 8 SYSTEMPATH/Boot.php(334): CodeIgniter\CodeIgniter->run()
 9 SYSTEMPATH/Boot.php(67): CodeIgniter\Boot::runCodeIgniter(Object(CodeIgniter\CodeIgniter))
10 FCPATH/index.php(59): CodeIgniter\Boot::bootWeb(Object(Config\Paths))
INFO - 2025-07-30 09:57:15 --> CSRF token verified.
DEBUG - 2025-07-30 09:57:15 --> Session: Class initialized using 'CodeIgniter\Session\Handlers\FileHandler' driver.
CRITICAL - 2025-07-30 09:57:15 --> CodeIgniter\Validation\Exceptions\ValidationException: "validateUser" is not a valid rule.
[Method: POST, Route: login/process]
in SYSTEMPATH/Validation/Validation.php on line 345.
 1 SYSTEMPATH/Validation/Validation.php(345): CodeIgniter\Validation\Exceptions\ValidationException::forRuleNotFound('validateUser')
 2 SYSTEMPATH/Validation/Validation.php(201): CodeIgniter\Validation\Validation->processRules('password', 'password', 'password123', [...], [...], 'password')
 3 SYSTEMPATH/Controller.php(138): CodeIgniter\Validation\Validation->run()
 4 APPPATH/Controllers/AuthController.php(39): CodeIgniter\Controller->validate([...])
 5 SYSTEMPATH/CodeIgniter.php(933): App\Controllers\AuthController->processLogin()
 6 SYSTEMPATH/CodeIgniter.php(507): CodeIgniter\CodeIgniter->runController(Object(App\Controllers\AuthController))
 7 SYSTEMPATH/CodeIgniter.php(354): CodeIgniter\CodeIgniter->handleRequest(null, Object(Config\Cache), false)
 8 SYSTEMPATH/Boot.php(334): CodeIgniter\CodeIgniter->run()
 9 SYSTEMPATH/Boot.php(67): CodeIgniter\Boot::runCodeIgniter(Object(CodeIgniter\CodeIgniter))
10 FCPATH/index.php(59): CodeIgniter\Boot::bootWeb(Object(Config\Paths))
INFO - 2025-07-30 09:58:24 --> CSRF token verified.
DEBUG - 2025-07-30 09:58:24 --> Session: Class initialized using 'CodeIgniter\Session\Handlers\FileHandler' driver.
CRITICAL - 2025-07-30 09:58:24 --> CodeIgniter\Validation\Exceptions\ValidationException: "validateUser" is not a valid rule.
[Method: POST, Route: login/process]
in SYSTEMPATH/Validation/Validation.php on line 345.
 1 SYSTEMPATH/Validation/Validation.php(345): CodeIgniter\Validation\Exceptions\ValidationException::forRuleNotFound('validateUser')
 2 SYSTEMPATH/Validation/Validation.php(201): CodeIgniter\Validation\Validation->processRules('password', 'password', 'password123', [...], [...], 'password')
 3 SYSTEMPATH/Controller.php(138): CodeIgniter\Validation\Validation->run()
 4 APPPATH/Controllers/AuthController.php(39): CodeIgniter\Controller->validate([...])
 5 SYSTEMPATH/CodeIgniter.php(933): App\Controllers\AuthController->processLogin()
 6 SYSTEMPATH/CodeIgniter.php(507): CodeIgniter\CodeIgniter->runController(Object(App\Controllers\AuthController))
 7 SYSTEMPATH/CodeIgniter.php(354): CodeIgniter\CodeIgniter->handleRequest(null, Object(Config\Cache), false)
 8 SYSTEMPATH/Boot.php(334): CodeIgniter\CodeIgniter->run()
 9 SYSTEMPATH/Boot.php(67): CodeIgniter\Boot::runCodeIgniter(Object(CodeIgniter\CodeIgniter))
10 FCPATH/index.php(59): CodeIgniter\Boot::bootWeb(Object(Config\Paths))
DEBUG - 2025-07-30 09:58:26 --> Session: Class initialized using 'CodeIgniter\Session\Handlers\FileHandler' driver.
INFO - 2025-07-30 09:58:35 --> CSRF token verified.
DEBUG - 2025-07-30 09:58:35 --> Session: Class initialized using 'CodeIgniter\Session\Handlers\FileHandler' driver.
CRITICAL - 2025-07-30 09:58:35 --> CodeIgniter\Validation\Exceptions\ValidationException: "validateUser" is not a valid rule.
[Method: POST, Route: login/process]
in SYSTEMPATH/Validation/Validation.php on line 345.
 1 SYSTEMPATH/Validation/Validation.php(345): CodeIgniter\Validation\Exceptions\ValidationException::forRuleNotFound('validateUser')
 2 SYSTEMPATH/Validation/Validation.php(201): CodeIgniter\Validation\Validation->processRules('password', 'password', 'passwor123', [...], [...], 'password')
 3 SYSTEMPATH/Controller.php(138): CodeIgniter\Validation\Validation->run()
 4 APPPATH/Controllers/AuthController.php(39): CodeIgniter\Controller->validate([...])
 5 SYSTEMPATH/CodeIgniter.php(933): App\Controllers\AuthController->processLogin()
 6 SYSTEMPATH/CodeIgniter.php(507): CodeIgniter\CodeIgniter->runController(Object(App\Controllers\AuthController))
 7 SYSTEMPATH/CodeIgniter.php(354): CodeIgniter\CodeIgniter->handleRequest(null, Object(Config\Cache), false)
 8 SYSTEMPATH/Boot.php(334): CodeIgniter\CodeIgniter->run()
 9 SYSTEMPATH/Boot.php(67): CodeIgniter\Boot::runCodeIgniter(Object(CodeIgniter\CodeIgniter))
10 FCPATH/index.php(59): CodeIgniter\Boot::bootWeb(Object(Config\Paths))
CRITICAL - 2025-07-30 10:03:30 --> CodeIgniter\Security\Exceptions\SecurityException: The action you requested is not allowed.
[Method: POST, Route: login/process]
in SYSTEMPATH/Security/Security.php on line 262.
 1 SYSTEMPATH/Security/Security.php(262): CodeIgniter\Security\Exceptions\SecurityException::forDisallowedAction()
 2 SYSTEMPATH/Filters/CSRF.php(52): CodeIgniter\Security\Security->verify(Object(CodeIgniter\HTTP\IncomingRequest))
 3 SYSTEMPATH/Filters/Filters.php(241): CodeIgniter\Filters\CSRF->before(Object(CodeIgniter\HTTP\IncomingRequest), null)
 4 SYSTEMPATH/Filters/Filters.php(221): CodeIgniter\Filters\Filters->runBefore([...])
 5 SYSTEMPATH/CodeIgniter.php(479): CodeIgniter\Filters\Filters->run('login/process', 'before')
 6 SYSTEMPATH/CodeIgniter.php(354): CodeIgniter\CodeIgniter->handleRequest(null, Object(Config\Cache), false)
 7 SYSTEMPATH/Boot.php(334): CodeIgniter\CodeIgniter->run()
 8 SYSTEMPATH/Boot.php(67): CodeIgniter\Boot::runCodeIgniter(Object(CodeIgniter\CodeIgniter))
 9 FCPATH/index.php(59): CodeIgniter\Boot::bootWeb(Object(Config\Paths))
CRITICAL - 2025-07-30 10:03:34 --> CodeIgniter\Security\Exceptions\SecurityException: The action you requested is not allowed.
[Method: POST, Route: login/process]
in SYSTEMPATH/Security/Security.php on line 262.
 1 SYSTEMPATH/Security/Security.php(262): CodeIgniter\Security\Exceptions\SecurityException::forDisallowedAction()
 2 SYSTEMPATH/Filters/CSRF.php(52): CodeIgniter\Security\Security->verify(Object(CodeIgniter\HTTP\IncomingRequest))
 3 SYSTEMPATH/Filters/Filters.php(241): CodeIgniter\Filters\CSRF->before(Object(CodeIgniter\HTTP\IncomingRequest), null)
 4 SYSTEMPATH/Filters/Filters.php(221): CodeIgniter\Filters\Filters->runBefore([...])
 5 SYSTEMPATH/CodeIgniter.php(479): CodeIgniter\Filters\Filters->run('login/process', 'before')
 6 SYSTEMPATH/CodeIgniter.php(354): CodeIgniter\CodeIgniter->handleRequest(null, Object(Config\Cache), false)
 7 SYSTEMPATH/Boot.php(334): CodeIgniter\CodeIgniter->run()
 8 SYSTEMPATH/Boot.php(67): CodeIgniter\Boot::runCodeIgniter(Object(CodeIgniter\CodeIgniter))
 9 FCPATH/index.php(59): CodeIgniter\Boot::bootWeb(Object(Config\Paths))
DEBUG - 2025-07-30 10:03:38 --> Session: Class initialized using 'CodeIgniter\Session\Handlers\FileHandler' driver.
DEBUG - 2025-07-30 10:03:39 --> Session: Class initialized using 'CodeIgniter\Session\Handlers\FileHandler' driver.
DEBUG - 2025-07-30 10:03:40 --> Session: Class initialized using 'CodeIgniter\Session\Handlers\FileHandler' driver.
DEBUG - 2025-07-30 10:03:42 --> Session: Class initialized using 'CodeIgniter\Session\Handlers\FileHandler' driver.
DEBUG - 2025-07-30 10:03:42 --> Session: Class initialized using 'CodeIgniter\Session\Handlers\FileHandler' driver.
DEBUG - 2025-07-30 10:03:46 --> Session: Class initialized using 'CodeIgniter\Session\Handlers\FileHandler' driver.
INFO - 2025-07-30 10:03:54 --> CSRF token verified.
DEBUG - 2025-07-30 10:03:54 --> Session: Class initialized using 'CodeIgniter\Session\Handlers\FileHandler' driver.
CRITICAL - 2025-07-30 10:03:54 --> CodeIgniter\Validation\Exceptions\ValidationException: "validateUser" is not a valid rule.
[Method: POST, Route: login/process]
in SYSTEMPATH/Validation/Validation.php on line 345.
 1 SYSTEMPATH/Validation/Validation.php(345): CodeIgniter\Validation\Exceptions\ValidationException::forRuleNotFound('validateUser')
 2 SYSTEMPATH/Validation/Validation.php(201): CodeIgniter\Validation\Validation->processRules('password', 'password', 'PASSWORD123', [...], [...], 'password')
 3 SYSTEMPATH/Controller.php(138): CodeIgniter\Validation\Validation->run()
 4 APPPATH/Controllers/AuthController.php(39): CodeIgniter\Controller->validate([...])
 5 SYSTEMPATH/CodeIgniter.php(933): App\Controllers\AuthController->processLogin()
 6 SYSTEMPATH/CodeIgniter.php(507): CodeIgniter\CodeIgniter->runController(Object(App\Controllers\AuthController))
 7 SYSTEMPATH/CodeIgniter.php(354): CodeIgniter\CodeIgniter->handleRequest(null, Object(Config\Cache), false)
 8 SYSTEMPATH/Boot.php(334): CodeIgniter\CodeIgniter->run()
 9 SYSTEMPATH/Boot.php(67): CodeIgniter\Boot::runCodeIgniter(Object(CodeIgniter\CodeIgniter))
10 FCPATH/index.php(59): CodeIgniter\Boot::bootWeb(Object(Config\Paths))
DEBUG - 2025-07-30 10:18:27 --> Session: Class initialized using 'CodeIgniter\Session\Handlers\FileHandler' driver.
DEBUG - 2025-07-30 10:18:28 --> Session: Class initialized using 'CodeIgniter\Session\Handlers\FileHandler' driver.
DEBUG - 2025-07-30 10:18:29 --> Session: Class initialized using 'CodeIgniter\Session\Handlers\FileHandler' driver.
DEBUG - 2025-07-30 10:18:30 --> Session: Class initialized using 'CodeIgniter\Session\Handlers\FileHandler' driver.
DEBUG - 2025-07-30 10:18:30 --> Session: Class initialized using 'CodeIgniter\Session\Handlers\FileHandler' driver.
DEBUG - 2025-07-30 10:18:30 --> Session: Class initialized using 'CodeIgniter\Session\Handlers\FileHandler' driver.
DEBUG - 2025-07-30 10:18:31 --> Session: Class initialized using 'CodeIgniter\Session\Handlers\FileHandler' driver.
DEBUG - 2025-07-30 10:18:31 --> Session: Class initialized using 'CodeIgniter\Session\Handlers\FileHandler' driver.
DEBUG - 2025-07-30 10:18:31 --> Session: Class initialized using 'CodeIgniter\Session\Handlers\FileHandler' driver.
DEBUG - 2025-07-30 10:20:26 --> Session: Class initialized using 'CodeIgniter\Session\Handlers\FileHandler' driver.
DEBUG - 2025-07-30 10:20:28 --> Session: Class initialized using 'CodeIgniter\Session\Handlers\FileHandler' driver.
DEBUG - 2025-07-30 10:20:32 --> Session: Class initialized using 'CodeIgniter\Session\Handlers\FileHandler' driver.
DEBUG - 2025-07-30 10:20:32 --> Session: Class initialized using 'CodeIgniter\Session\Handlers\FileHandler' driver.
DEBUG - 2025-07-30 10:20:36 --> Session: Class initialized using 'CodeIgniter\Session\Handlers\FileHandler' driver.
DEBUG - 2025-07-30 10:20:36 --> Session: Class initialized using 'CodeIgniter\Session\Handlers\FileHandler' driver.
DEBUG - 2025-07-30 10:20:39 --> Session: Class initialized using 'CodeIgniter\Session\Handlers\FileHandler' driver.
DEBUG - 2025-07-30 10:20:39 --> Session: Class initialized using 'CodeIgniter\Session\Handlers\FileHandler' driver.
DEBUG - 2025-07-30 10:20:44 --> Session: Class initialized using 'CodeIgniter\Session\Handlers\FileHandler' driver.
DEBUG - 2025-07-30 10:20:44 --> Session: Class initialized using 'CodeIgniter\Session\Handlers\FileHandler' driver.
DEBUG - 2025-07-30 10:20:49 --> Session: Class initialized using 'CodeIgniter\Session\Handlers\FileHandler' driver.
INFO - 2025-07-30 10:20:56 --> CSRF token verified.
DEBUG - 2025-07-30 10:20:56 --> Session: Class initialized using 'CodeIgniter\Session\Handlers\FileHandler' driver.
CRITICAL - 2025-07-30 10:20:57 --> CodeIgniter\Validation\Exceptions\ValidationException: "validateUser" is not a valid rule.
[Method: POST, Route: login/process]
in SYSTEMPATH/Validation/Validation.php on line 345.
 1 SYSTEMPATH/Validation/Validation.php(345): CodeIgniter\Validation\Exceptions\ValidationException::forRuleNotFound('validateUser')
 2 SYSTEMPATH/Validation/Validation.php(201): CodeIgniter\Validation\Validation->processRules('password', 'password', 'password123', [...], [...], 'password')
 3 SYSTEMPATH/Controller.php(138): CodeIgniter\Validation\Validation->run()
 4 APPPATH/Controllers/AuthController.php(39): CodeIgniter\Controller->validate([...])
 5 SYSTEMPATH/CodeIgniter.php(933): App\Controllers\AuthController->processLogin()
 6 SYSTEMPATH/CodeIgniter.php(507): CodeIgniter\CodeIgniter->runController(Object(App\Controllers\AuthController))
 7 SYSTEMPATH/CodeIgniter.php(354): CodeIgniter\CodeIgniter->handleRequest(null, Object(Config\Cache), false)
 8 SYSTEMPATH/Boot.php(334): CodeIgniter\CodeIgniter->run()
 9 SYSTEMPATH/Boot.php(67): CodeIgniter\Boot::runCodeIgniter(Object(CodeIgniter\CodeIgniter))
10 FCPATH/index.php(59): CodeIgniter\Boot::bootWeb(Object(Config\Paths))
DEBUG - 2025-07-30 10:56:50 --> Session: Class initialized using 'CodeIgniter\Session\Handlers\FileHandler' driver.
DEBUG - 2025-07-30 10:56:50 --> Session: Class initialized using 'CodeIgniter\Session\Handlers\FileHandler' driver.
DEBUG - 2025-07-30 10:56:52 --> Session: Class initialized using 'CodeIgniter\Session\Handlers\FileHandler' driver.
DEBUG - 2025-07-30 10:56:53 --> Session: Class initialized using 'CodeIgniter\Session\Handlers\FileHandler' driver.
DEBUG - 2025-07-30 10:56:54 --> Session: Class initialized using 'CodeIgniter\Session\Handlers\FileHandler' driver.
DEBUG - 2025-07-30 11:28:28 --> Session: Class initialized using 'CodeIgniter\Session\Handlers\FileHandler' driver.
DEBUG - 2025-07-30 11:28:30 --> Session: Class initialized using 'CodeIgniter\Session\Handlers\FileHandler' driver.
DEBUG - 2025-07-30 11:28:31 --> Session: Class initialized using 'CodeIgniter\Session\Handlers\FileHandler' driver.
DEBUG - 2025-07-30 11:28:33 --> Session: Class initialized using 'CodeIgniter\Session\Handlers\FileHandler' driver.
DEBUG - 2025-07-30 11:28:35 --> Session: Class initialized using 'CodeIgniter\Session\Handlers\FileHandler' driver.
INFO - 2025-07-30 11:28:43 --> CSRF token verified.
DEBUG - 2025-07-30 11:28:43 --> Session: Class initialized using 'CodeIgniter\Session\Handlers\FileHandler' driver.
CRITICAL - 2025-07-30 11:28:43 --> CodeIgniter\Validation\Exceptions\ValidationException: "validateUser" is not a valid rule.
[Method: POST, Route: login/process]
in SYSTEMPATH/Validation/Validation.php on line 345.
 1 SYSTEMPATH/Validation/Validation.php(345): CodeIgniter\Validation\Exceptions\ValidationException::forRuleNotFound('validateUser')
 2 SYSTEMPATH/Validation/Validation.php(201): CodeIgniter\Validation\Validation->processRules('password', 'password', 'password123', [...], [...], 'password')
 3 SYSTEMPATH/Controller.php(138): CodeIgniter\Validation\Validation->run()
 4 APPPATH/Controllers/AuthController.php(36): CodeIgniter\Controller->validate([...])
 5 SYSTEMPATH/CodeIgniter.php(933): App\Controllers\AuthController->processLogin()
 6 SYSTEMPATH/CodeIgniter.php(507): CodeIgniter\CodeIgniter->runController(Object(App\Controllers\AuthController))
 7 SYSTEMPATH/CodeIgniter.php(354): CodeIgniter\CodeIgniter->handleRequest(null, Object(Config\Cache), false)
 8 SYSTEMPATH/Boot.php(334): CodeIgniter\CodeIgniter->run()
 9 SYSTEMPATH/Boot.php(67): CodeIgniter\Boot::runCodeIgniter(Object(CodeIgniter\CodeIgniter))
10 FCPATH/index.php(59): CodeIgniter\Boot::bootWeb(Object(Config\Paths))
DEBUG - 2025-07-30 11:33:20 --> Session: Class initialized using 'CodeIgniter\Session\Handlers\FileHandler' driver.
INFO - 2025-07-30 11:33:26 --> CSRF token verified.
DEBUG - 2025-07-30 11:33:26 --> Session: Class initialized using 'CodeIgniter\Session\Handlers\FileHandler' driver.
CRITICAL - 2025-07-30 11:33:26 --> CodeIgniter\Validation\Exceptions\ValidationException: "validateUser" is not a valid rule.
[Method: POST, Route: login/process]
in SYSTEMPATH/Validation/Validation.php on line 345.
 1 SYSTEMPATH/Validation/Validation.php(345): CodeIgniter\Validation\Exceptions\ValidationException::forRuleNotFound('validateUser')
 2 SYSTEMPATH/Validation/Validation.php(201): CodeIgniter\Validation\Validation->processRules('password', 'password', 'password123', [...], [...], 'password')
 3 SYSTEMPATH/Controller.php(138): CodeIgniter\Validation\Validation->run()
 4 APPPATH/Controllers/AuthController.php(36): CodeIgniter\Controller->validate([...])
 5 SYSTEMPATH/CodeIgniter.php(933): App\Controllers\AuthController->processLogin()
 6 SYSTEMPATH/CodeIgniter.php(507): CodeIgniter\CodeIgniter->runController(Object(App\Controllers\AuthController))
 7 SYSTEMPATH/CodeIgniter.php(354): CodeIgniter\CodeIgniter->handleRequest(null, Object(Config\Cache), false)
 8 SYSTEMPATH/Boot.php(334): CodeIgniter\CodeIgniter->run()
 9 SYSTEMPATH/Boot.php(67): CodeIgniter\Boot::runCodeIgniter(Object(CodeIgniter\CodeIgniter))
10 FCPATH/index.php(59): CodeIgniter\Boot::bootWeb(Object(Config\Paths))
DEBUG - 2025-07-30 11:35:27 --> Session: Class initialized using 'CodeIgniter\Session\Handlers\FileHandler' driver.
DEBUG - 2025-07-30 11:35:30 --> Session: Class initialized using 'CodeIgniter\Session\Handlers\FileHandler' driver.
DEBUG - 2025-07-30 11:35:32 --> Session: Class initialized using 'CodeIgniter\Session\Handlers\FileHandler' driver.
DEBUG - 2025-07-30 11:35:34 --> Session: Class initialized using 'CodeIgniter\Session\Handlers\FileHandler' driver.
DEBUG - 2025-07-30 11:35:38 --> Session: Class initialized using 'CodeIgniter\Session\Handlers\FileHandler' driver.
DEBUG - 2025-07-30 11:35:38 --> Session: Class initialized using 'CodeIgniter\Session\Handlers\FileHandler' driver.
INFO - 2025-07-30 11:35:42 --> CSRF token verified.
DEBUG - 2025-07-30 11:35:42 --> Session: Class initialized using 'CodeIgniter\Session\Handlers\FileHandler' driver.
DEBUG - 2025-07-30 11:35:42 --> Session: Class initialized using 'CodeIgniter\Session\Handlers\FileHandler' driver.
INFO - 2025-07-30 11:35:45 --> CSRF token verified.
DEBUG - 2025-07-30 11:35:45 --> Session: Class initialized using 'CodeIgniter\Session\Handlers\FileHandler' driver.
DEBUG - 2025-07-30 11:35:45 --> Session: Class initialized using 'CodeIgniter\Session\Handlers\FileHandler' driver.
INFO - 2025-07-30 11:35:50 --> CSRF token verified.
DEBUG - 2025-07-30 11:35:50 --> Session: Class initialized using 'CodeIgniter\Session\Handlers\FileHandler' driver.
DEBUG - 2025-07-30 11:35:51 --> Session: Class initialized using 'CodeIgniter\Session\Handlers\FileHandler' driver.
INFO - 2025-07-30 11:35:57 --> CSRF token verified.
DEBUG - 2025-07-30 11:35:57 --> Session: Class initialized using 'CodeIgniter\Session\Handlers\FileHandler' driver.
DEBUG - 2025-07-30 11:35:57 --> Session: Class initialized using 'CodeIgniter\Session\Handlers\FileHandler' driver.
INFO - 2025-07-30 11:36:01 --> CSRF token verified.
DEBUG - 2025-07-30 11:36:01 --> Session: Class initialized using 'CodeIgniter\Session\Handlers\FileHandler' driver.
DEBUG - 2025-07-30 11:36:02 --> Session: Class initialized using 'CodeIgniter\Session\Handlers\FileHandler' driver.
INFO - 2025-07-30 11:36:07 --> CSRF token verified.
DEBUG - 2025-07-30 11:36:07 --> Session: Class initialized using 'CodeIgniter\Session\Handlers\FileHandler' driver.
INFO - 2025-07-30 11:36:10 --> CSRF token verified.
DEBUG - 2025-07-30 11:36:10 --> Session: Class initialized using 'CodeIgniter\Session\Handlers\FileHandler' driver.
DEBUG - 2025-07-30 11:36:10 --> Session: Class initialized using 'CodeIgniter\Session\Handlers\FileHandler' driver.
INFO - 2025-07-30 11:36:13 --> CSRF token verified.
DEBUG - 2025-07-30 11:36:13 --> Session: Class initialized using 'CodeIgniter\Session\Handlers\FileHandler' driver.
DEBUG - 2025-07-30 11:36:13 --> Session: Class initialized using 'CodeIgniter\Session\Handlers\FileHandler' driver.
INFO - 2025-07-30 11:36:17 --> CSRF token verified.
DEBUG - 2025-07-30 11:36:17 --> Session: Class initialized using 'CodeIgniter\Session\Handlers\FileHandler' driver.
DEBUG - 2025-07-30 11:36:17 --> Session: Class initialized using 'CodeIgniter\Session\Handlers\FileHandler' driver.
INFO - 2025-07-30 11:36:20 --> CSRF token verified.
DEBUG - 2025-07-30 11:36:20 --> Session: Class initialized using 'CodeIgniter\Session\Handlers\FileHandler' driver.
DEBUG - 2025-07-30 11:36:20 --> Session: Class initialized using 'CodeIgniter\Session\Handlers\FileHandler' driver.
INFO - 2025-07-30 11:36:25 --> CSRF token verified.
DEBUG - 2025-07-30 11:36:25 --> Session: Class initialized using 'CodeIgniter\Session\Handlers\FileHandler' driver.
DEBUG - 2025-07-30 11:36:25 --> Session: Class initialized using 'CodeIgniter\Session\Handlers\FileHandler' driver.
INFO - 2025-07-30 11:36:31 --> CSRF token verified.
DEBUG - 2025-07-30 11:36:31 --> Session: Class initialized using 'CodeIgniter\Session\Handlers\FileHandler' driver.
DEBUG - 2025-07-30 11:36:31 --> Session: Class initialized using 'CodeIgniter\Session\Handlers\FileHandler' driver.
INFO - 2025-07-30 11:36:35 --> CSRF token verified.
DEBUG - 2025-07-30 11:36:35 --> Session: Class initialized using 'CodeIgniter\Session\Handlers\FileHandler' driver.
DEBUG - 2025-07-30 11:36:35 --> Session: Class initialized using 'CodeIgniter\Session\Handlers\FileHandler' driver.
INFO - 2025-07-30 11:36:40 --> CSRF token verified.
DEBUG - 2025-07-30 11:36:40 --> Session: Class initialized using 'CodeIgniter\Session\Handlers\FileHandler' driver.
DEBUG - 2025-07-30 11:36:40 --> Session: Class initialized using 'CodeIgniter\Session\Handlers\FileHandler' driver.
INFO - 2025-07-30 11:36:44 --> CSRF token verified.
DEBUG - 2025-07-30 11:36:44 --> Session: Class initialized using 'CodeIgniter\Session\Handlers\FileHandler' driver.
DEBUG - 2025-07-30 11:36:44 --> Session: Class initialized using 'CodeIgniter\Session\Handlers\FileHandler' driver.
INFO - 2025-07-30 11:36:47 --> CSRF token verified.
DEBUG - 2025-07-30 11:36:48 --> Session: Class initialized using 'CodeIgniter\Session\Handlers\FileHandler' driver.
DEBUG - 2025-07-30 11:36:48 --> Session: Class initialized using 'CodeIgniter\Session\Handlers\FileHandler' driver.
DEBUG - 2025-07-30 11:36:50 --> Session: Class initialized using 'CodeIgniter\Session\Handlers\FileHandler' driver.
DEBUG - 2025-07-30 11:37:21 --> Session: Class initialized using 'CodeIgniter\Session\Handlers\FileHandler' driver.
INFO - 2025-07-30 11:37:30 --> CSRF token verified.
DEBUG - 2025-07-30 11:37:30 --> Session: Class initialized using 'CodeIgniter\Session\Handlers\FileHandler' driver.
CRITICAL - 2025-07-30 11:37:30 --> CodeIgniter\Validation\Exceptions\ValidationException: "validateUser" is not a valid rule.
[Method: POST, Route: login/process]
in SYSTEMPATH/Validation/Validation.php on line 345.
 1 SYSTEMPATH/Validation/Validation.php(345): CodeIgniter\Validation\Exceptions\ValidationException::forRuleNotFound('validateUser')
 2 SYSTEMPATH/Validation/Validation.php(201): CodeIgniter\Validation\Validation->processRules('password', 'password', 'password123', [...], [...], 'password')
 3 SYSTEMPATH/Controller.php(138): CodeIgniter\Validation\Validation->run()
 4 APPPATH/Controllers/AuthController.php(36): CodeIgniter\Controller->validate([...])
 5 SYSTEMPATH/CodeIgniter.php(933): App\Controllers\AuthController->processLogin()
 6 SYSTEMPATH/CodeIgniter.php(507): CodeIgniter\CodeIgniter->runController(Object(App\Controllers\AuthController))
 7 SYSTEMPATH/CodeIgniter.php(354): CodeIgniter\CodeIgniter->handleRequest(null, Object(Config\Cache), false)
 8 SYSTEMPATH/Boot.php(334): CodeIgniter\CodeIgniter->run()
 9 SYSTEMPATH/Boot.php(67): CodeIgniter\Boot::runCodeIgniter(Object(CodeIgniter\CodeIgniter))
10 FCPATH/index.php(59): CodeIgniter\Boot::bootWeb(Object(Config\Paths))
INFO - 2025-07-30 11:45:10 --> CSRF token verified.
DEBUG - 2025-07-30 11:45:10 --> Session: Class initialized using 'CodeIgniter\Session\Handlers\FileHandler' driver.
CRITICAL - 2025-07-30 11:45:10 --> CodeIgniter\Validation\Exceptions\ValidationException: "validateUser" is not a valid rule.
[Method: POST, Route: login/process]
in SYSTEMPATH/Validation/Validation.php on line 345.
 1 SYSTEMPATH/Validation/Validation.php(345): CodeIgniter\Validation\Exceptions\ValidationException::forRuleNotFound('validateUser')
 2 SYSTEMPATH/Validation/Validation.php(201): CodeIgniter\Validation\Validation->processRules('password', 'password', 'password123', [...], [...], 'password')
 3 SYSTEMPATH/Controller.php(138): CodeIgniter\Validation\Validation->run()
 4 APPPATH/Controllers/AuthController.php(36): CodeIgniter\Controller->validate([...])
 5 SYSTEMPATH/CodeIgniter.php(933): App\Controllers\AuthController->processLogin()
 6 SYSTEMPATH/CodeIgniter.php(507): CodeIgniter\CodeIgniter->runController(Object(App\Controllers\AuthController))
 7 SYSTEMPATH/CodeIgniter.php(354): CodeIgniter\CodeIgniter->handleRequest(null, Object(Config\Cache), false)
 8 SYSTEMPATH/Boot.php(334): CodeIgniter\CodeIgniter->run()
 9 SYSTEMPATH/Boot.php(67): CodeIgniter\Boot::runCodeIgniter(Object(CodeIgniter\CodeIgniter))
10 FCPATH/index.php(59): CodeIgniter\Boot::bootWeb(Object(Config\Paths))
DEBUG - 2025-07-30 11:45:11 --> Session: Class initialized using 'CodeIgniter\Session\Handlers\FileHandler' driver.
INFO - 2025-07-30 11:45:17 --> CSRF token verified.
DEBUG - 2025-07-30 11:45:17 --> Session: Class initialized using 'CodeIgniter\Session\Handlers\FileHandler' driver.
CRITICAL - 2025-07-30 11:45:17 --> CodeIgniter\Validation\Exceptions\ValidationException: "validateUser" is not a valid rule.
[Method: POST, Route: login/process]
in SYSTEMPATH/Validation/Validation.php on line 345.
 1 SYSTEMPATH/Validation/Validation.php(345): CodeIgniter\Validation\Exceptions\ValidationException::forRuleNotFound('validateUser')
 2 SYSTEMPATH/Validation/Validation.php(201): CodeIgniter\Validation\Validation->processRules('password', 'password', 'password123', [...], [...], 'password')
 3 SYSTEMPATH/Controller.php(138): CodeIgniter\Validation\Validation->run()
 4 APPPATH/Controllers/AuthController.php(36): CodeIgniter\Controller->validate([...])
 5 SYSTEMPATH/CodeIgniter.php(933): App\Controllers\AuthController->processLogin()
 6 SYSTEMPATH/CodeIgniter.php(507): CodeIgniter\CodeIgniter->runController(Object(App\Controllers\AuthController))
 7 SYSTEMPATH/CodeIgniter.php(354): CodeIgniter\CodeIgniter->handleRequest(null, Object(Config\Cache), false)
 8 SYSTEMPATH/Boot.php(334): CodeIgniter\CodeIgniter->run()
 9 SYSTEMPATH/Boot.php(67): CodeIgniter\Boot::runCodeIgniter(Object(CodeIgniter\CodeIgniter))
10 FCPATH/index.php(59): CodeIgniter\Boot::bootWeb(Object(Config\Paths))
INFO - 2025-07-30 11:45:22 --> CSRF token verified.
DEBUG - 2025-07-30 11:45:22 --> Session: Class initialized using 'CodeIgniter\Session\Handlers\FileHandler' driver.
CRITICAL - 2025-07-30 11:45:22 --> CodeIgniter\Validation\Exceptions\ValidationException: "validateUser" is not a valid rule.
[Method: POST, Route: login/process]
in SYSTEMPATH/Validation/Validation.php on line 345.
 1 SYSTEMPATH/Validation/Validation.php(345): CodeIgniter\Validation\Exceptions\ValidationException::forRuleNotFound('validateUser')
 2 SYSTEMPATH/Validation/Validation.php(201): CodeIgniter\Validation\Validation->processRules('password', 'password', 'password123', [...], [...], 'password')
 3 SYSTEMPATH/Controller.php(138): CodeIgniter\Validation\Validation->run()
 4 APPPATH/Controllers/AuthController.php(36): CodeIgniter\Controller->validate([...])
 5 SYSTEMPATH/CodeIgniter.php(933): App\Controllers\AuthController->processLogin()
 6 SYSTEMPATH/CodeIgniter.php(507): CodeIgniter\CodeIgniter->runController(Object(App\Controllers\AuthController))
 7 SYSTEMPATH/CodeIgniter.php(354): CodeIgniter\CodeIgniter->handleRequest(null, Object(Config\Cache), false)
 8 SYSTEMPATH/Boot.php(334): CodeIgniter\CodeIgniter->run()
 9 SYSTEMPATH/Boot.php(67): CodeIgniter\Boot::runCodeIgniter(Object(CodeIgniter\CodeIgniter))
10 FCPATH/index.php(59): CodeIgniter\Boot::bootWeb(Object(Config\Paths))
DEBUG - 2025-07-30 15:25:46 --> Session: Class initialized using 'CodeIgniter\Session\Handlers\FileHandler' driver.
DEBUG - 2025-07-30 15:25:46 --> Session: Class initialized using 'CodeIgniter\Session\Handlers\FileHandler' driver.
DEBUG - 2025-07-30 15:25:50 --> Session: Class initialized using 'CodeIgniter\Session\Handlers\FileHandler' driver.
DEBUG - 2025-07-30 15:25:55 --> Session: Class initialized using 'CodeIgniter\Session\Handlers\FileHandler' driver.
DEBUG - 2025-07-30 15:25:55 --> Session: Class initialized using 'CodeIgniter\Session\Handlers\FileHandler' driver.
DEBUG - 2025-07-30 15:25:57 --> Session: Class initialized using 'CodeIgniter\Session\Handlers\FileHandler' driver.
DEBUG - 2025-07-30 15:25:59 --> Session: Class initialized using 'CodeIgniter\Session\Handlers\FileHandler' driver.
DEBUG - 2025-07-30 15:25:59 --> Session: Class initialized using 'CodeIgniter\Session\Handlers\FileHandler' driver.
DEBUG - 2025-07-30 15:28:34 --> Session: Class initialized using 'CodeIgniter\Session\Handlers\FileHandler' driver.
DEBUG - 2025-07-30 15:28:36 --> Session: Class initialized using 'CodeIgniter\Session\Handlers\FileHandler' driver.
DEBUG - 2025-07-30 15:28:38 --> Session: Class initialized using 'CodeIgniter\Session\Handlers\FileHandler' driver.
DEBUG - 2025-07-30 15:28:39 --> Session: Class initialized using 'CodeIgniter\Session\Handlers\FileHandler' driver.
DEBUG - 2025-07-30 15:28:41 --> Session: Class initialized using 'CodeIgniter\Session\Handlers\FileHandler' driver.
DEBUG - 2025-07-30 15:28:43 --> Session: Class initialized using 'CodeIgniter\Session\Handlers\FileHandler' driver.
INFO - 2025-07-30 15:28:56 --> CSRF token verified.
DEBUG - 2025-07-30 15:28:56 --> Session: Class initialized using 'CodeIgniter\Session\Handlers\FileHandler' driver.
CRITICAL - 2025-07-30 15:28:56 --> CodeIgniter\Validation\Exceptions\ValidationException: "validateUser" is not a valid rule.
[Method: POST, Route: login/process]
in SYSTEMPATH/Validation/Validation.php on line 345.
 1 SYSTEMPATH/Validation/Validation.php(345): CodeIgniter\Validation\Exceptions\ValidationException::forRuleNotFound('validateUser')
 2 SYSTEMPATH/Validation/Validation.php(201): CodeIgniter\Validation\Validation->processRules('password', 'password', 'password123', [...], [...], 'password')
 3 SYSTEMPATH/Controller.php(138): CodeIgniter\Validation\Validation->run()
 4 APPPATH/Controllers/AuthController.php(36): CodeIgniter\Controller->validate([...])
 5 SYSTEMPATH/CodeIgniter.php(933): App\Controllers\AuthController->processLogin()
 6 SYSTEMPATH/CodeIgniter.php(507): CodeIgniter\CodeIgniter->runController(Object(App\Controllers\AuthController))
 7 SYSTEMPATH/CodeIgniter.php(354): CodeIgniter\CodeIgniter->handleRequest(null, Object(Config\Cache), false)
 8 SYSTEMPATH/Boot.php(334): CodeIgniter\CodeIgniter->run()
 9 SYSTEMPATH/Boot.php(67): CodeIgniter\Boot::runCodeIgniter(Object(CodeIgniter\CodeIgniter))
10 FCPATH/index.php(59): CodeIgniter\Boot::bootWeb(Object(Config\Paths))
DEBUG - 2025-07-30 15:29:28 --> Session: Class initialized using 'CodeIgniter\Session\Handlers\FileHandler' driver.
DEBUG - 2025-07-30 15:29:29 --> Session: Class initialized using 'CodeIgniter\Session\Handlers\FileHandler' driver.
DEBUG - 2025-07-30 15:29:32 --> Session: Class initialized using 'CodeIgniter\Session\Handlers\FileHandler' driver.
DEBUG - 2025-07-30 15:29:37 --> Session: Class initialized using 'CodeIgniter\Session\Handlers\FileHandler' driver.
INFO - 2025-07-30 15:30:23 --> CSRF token verified.
DEBUG - 2025-07-30 15:30:23 --> Session: Class initialized using 'CodeIgniter\Session\Handlers\FileHandler' driver.
CRITICAL - 2025-07-30 15:30:23 --> CodeIgniter\Validation\Exceptions\ValidationException: "validateUser" is not a valid rule.
[Method: POST, Route: login/process]
in SYSTEMPATH/Validation/Validation.php on line 345.
 1 SYSTEMPATH/Validation/Validation.php(345): CodeIgniter\Validation\Exceptions\ValidationException::forRuleNotFound('validateUser')
 2 SYSTEMPATH/Validation/Validation.php(201): CodeIgniter\Validation\Validation->processRules('password', 'password', 'password1123', [...], [...], 'password')
 3 SYSTEMPATH/Controller.php(138): CodeIgniter\Validation\Validation->run()
 4 APPPATH/Controllers/AuthController.php(36): CodeIgniter\Controller->validate([...])
 5 SYSTEMPATH/CodeIgniter.php(933): App\Controllers\AuthController->processLogin()
 6 SYSTEMPATH/CodeIgniter.php(507): CodeIgniter\CodeIgniter->runController(Object(App\Controllers\AuthController))
 7 SYSTEMPATH/CodeIgniter.php(354): CodeIgniter\CodeIgniter->handleRequest(null, Object(Config\Cache), false)
 8 SYSTEMPATH/Boot.php(334): CodeIgniter\CodeIgniter->run()
 9 SYSTEMPATH/Boot.php(67): CodeIgniter\Boot::runCodeIgniter(Object(CodeIgniter\CodeIgniter))
10 FCPATH/index.php(59): CodeIgniter\Boot::bootWeb(Object(Config\Paths))
DEBUG - 2025-07-30 15:38:39 --> Session: Class initialized using 'CodeIgniter\Session\Handlers\FileHandler' driver.
INFO - 2025-07-30 15:38:43 --> CSRF token verified.
DEBUG - 2025-07-30 15:38:43 --> Session: Class initialized using 'CodeIgniter\Session\Handlers\FileHandler' driver.
CRITICAL - 2025-07-30 15:38:43 --> ErrorException: static::class cannot be used for compile-time class name resolution
[Method: POST, Route: login/process]
in APPPATH/Config/Validation.php on line 15.
 1 [internal function]: CodeIgniter\Debug\Exceptions->shutdownHandler()
DEBUG - 2025-07-30 15:42:33 --> Session: Class initialized using 'CodeIgniter\Session\Handlers\FileHandler' driver.
INFO - 2025-07-30 15:42:40 --> CSRF token verified.
DEBUG - 2025-07-30 15:42:40 --> Session: Class initialized using 'CodeIgniter\Session\Handlers\FileHandler' driver.
DEBUG - 2025-07-30 15:42:40 --> Session: Class initialized using 'CodeIgniter\Session\Handlers\FileHandler' driver.
INFO - 2025-07-30 15:42:47 --> CSRF token verified.
DEBUG - 2025-07-30 15:42:47 --> Session: Class initialized using 'CodeIgniter\Session\Handlers\FileHandler' driver.
DEBUG - 2025-07-30 15:42:47 --> Session: Class initialized using 'CodeIgniter\Session\Handlers\FileHandler' driver.
INFO - 2025-07-30 15:42:55 --> CSRF token verified.
DEBUG - 2025-07-30 15:42:55 --> Session: Class initialized using 'CodeIgniter\Session\Handlers\FileHandler' driver.
DEBUG - 2025-07-30 15:42:55 --> Session: Class initialized using 'CodeIgniter\Session\Handlers\FileHandler' driver.
INFO - 2025-07-30 15:43:52 --> CSRF token verified.
DEBUG - 2025-07-30 15:43:52 --> Session: Class initialized using 'CodeIgniter\Session\Handlers\FileHandler' driver.
DEBUG - 2025-07-30 15:43:52 --> Session: Class initialized using 'CodeIgniter\Session\Handlers\FileHandler' driver.
DEBUG - 2025-07-30 15:43:55 --> Session: Class initialized using 'CodeIgniter\Session\Handlers\FileHandler' driver.
DEBUG - 2025-07-30 15:43:57 --> Session: Class initialized using 'CodeIgniter\Session\Handlers\FileHandler' driver.
DEBUG - 2025-07-30 15:43:58 --> Session: Class initialized using 'CodeIgniter\Session\Handlers\FileHandler' driver.
DEBUG - 2025-07-30 15:43:59 --> Session: Class initialized using 'CodeIgniter\Session\Handlers\FileHandler' driver.
DEBUG - 2025-07-30 15:44:03 --> Session: Class initialized using 'CodeIgniter\Session\Handlers\FileHandler' driver.
INFO - 2025-07-30 15:47:15 --> CSRF token verified.
DEBUG - 2025-07-30 15:47:15 --> Session: Class initialized using 'CodeIgniter\Session\Handlers\FileHandler' driver.
DEBUG - 2025-07-30 15:47:16 --> Session: Class initialized using 'CodeIgniter\Session\Handlers\FileHandler' driver.
DEBUG - 2025-07-30 15:47:29 --> Session: Class initialized using 'CodeIgniter\Session\Handlers\FileHandler' driver.
DEBUG - 2025-07-30 15:47:29 --> Session: Class initialized using 'CodeIgniter\Session\Handlers\FileHandler' driver.
INFO - 2025-07-30 15:50:18 --> CSRF token verified.
DEBUG - 2025-07-30 15:50:18 --> Session: Class initialized using 'CodeIgniter\Session\Handlers\FileHandler' driver.
DEBUG - 2025-07-30 15:50:19 --> Session: Class initialized using 'CodeIgniter\Session\Handlers\FileHandler' driver.
INFO - 2025-07-30 15:50:26 --> CSRF token verified.
DEBUG - 2025-07-30 15:50:26 --> Session: Class initialized using 'CodeIgniter\Session\Handlers\FileHandler' driver.
DEBUG - 2025-07-30 15:50:27 --> Session: Class initialized using 'CodeIgniter\Session\Handlers\FileHandler' driver.
DEBUG - 2025-07-30 15:50:59 --> Session: Class initialized using 'CodeIgniter\Session\Handlers\FileHandler' driver.
INFO - 2025-07-30 15:51:08 --> CSRF token verified.
DEBUG - 2025-07-30 15:51:08 --> Session: Class initialized using 'CodeIgniter\Session\Handlers\FileHandler' driver.
DEBUG - 2025-07-30 15:51:08 --> Session: Class initialized using 'CodeIgniter\Session\Handlers\FileHandler' driver.
