DEBUG - 2025-07-28 07:10:24 --> Session: Class initialized using 'CodeIgniter\Session\Handlers\FileHandler' driver.
DEBUG - 2025-07-28 07:10:27 --> Session: Class initialized using 'CodeIgniter\Session\Handlers\FileHandler' driver.
DEBUG - 2025-07-28 07:10:28 --> Session: Class initialized using 'CodeIgniter\Session\Handlers\FileHandler' driver.
DEBUG - 2025-07-28 07:10:30 --> Session: Class initialized using 'CodeIgniter\Session\Handlers\FileHandler' driver.
DEBUG - 2025-07-28 07:11:35 --> Session: Class initialized using 'CodeIgniter\Session\Handlers\FileHandler' driver.
DEBUG - 2025-07-28 07:11:36 --> Session: Class initialized using 'CodeIgniter\Session\Handlers\FileHandler' driver.
DEBUG - 2025-07-28 07:11:42 --> Session: Class initialized using 'CodeIgniter\Session\Handlers\FileHandler' driver.
DEBUG - 2025-07-28 07:11:43 --> Session: Class initialized using 'CodeIgniter\Session\Handlers\FileHandler' driver.
DEBUG - 2025-07-28 07:11:59 --> Session: Class initialized using 'CodeIgniter\Session\Handlers\FileHandler' driver.
DEBUG - 2025-07-28 07:12:02 --> Session: Class initialized using 'CodeIgniter\Session\Handlers\FileHandler' driver.
DEBUG - 2025-07-28 07:12:06 --> Session: Class initialized using 'CodeIgniter\Session\Handlers\FileHandler' driver.
DEBUG - 2025-07-28 07:12:11 --> Session: Class initialized using 'CodeIgniter\Session\Handlers\FileHandler' driver.
DEBUG - 2025-07-28 07:12:13 --> Session: Class initialized using 'CodeIgniter\Session\Handlers\FileHandler' driver.
DEBUG - 2025-07-28 07:12:21 --> Session: Class initialized using 'CodeIgniter\Session\Handlers\FileHandler' driver.
DEBUG - 2025-07-28 07:12:22 --> Session: Class initialized using 'CodeIgniter\Session\Handlers\FileHandler' driver.
DEBUG - 2025-07-28 07:12:26 --> Session: Class initialized using 'CodeIgniter\Session\Handlers\FileHandler' driver.
DEBUG - 2025-07-28 07:12:26 --> Session: Class initialized using 'CodeIgniter\Session\Handlers\FileHandler' driver.
DEBUG - 2025-07-28 07:12:33 --> Session: Class initialized using 'CodeIgniter\Session\Handlers\FileHandler' driver.
DEBUG - 2025-07-28 07:12:33 --> Session: Class initialized using 'CodeIgniter\Session\Handlers\FileHandler' driver.
DEBUG - 2025-07-28 07:13:09 --> Session: Class initialized using 'CodeIgniter\Session\Handlers\FileHandler' driver.
DEBUG - 2025-07-28 07:13:19 --> Session: Class initialized using 'CodeIgniter\Session\Handlers\FileHandler' driver.
DEBUG - 2025-07-28 07:15:10 --> Session: Class initialized using 'CodeIgniter\Session\Handlers\FileHandler' driver.
DEBUG - 2025-07-28 07:15:10 --> Session: Class initialized using 'CodeIgniter\Session\Handlers\FileHandler' driver.
DEBUG - 2025-07-28 07:15:17 --> Session: Class initialized using 'CodeIgniter\Session\Handlers\FileHandler' driver.
DEBUG - 2025-07-28 07:17:20 --> Session: Class initialized using 'CodeIgniter\Session\Handlers\FileHandler' driver.
DEBUG - 2025-07-28 07:17:27 --> Session: Class initialized using 'CodeIgniter\Session\Handlers\FileHandler' driver.
DEBUG - 2025-07-28 07:20:59 --> Session: Class initialized using 'CodeIgniter\Session\Handlers\FileHandler' driver.
DEBUG - 2025-07-28 07:21:28 --> Session: Class initialized using 'CodeIgniter\Session\Handlers\FileHandler' driver.
DEBUG - 2025-07-28 07:22:03 --> Session: Class initialized using 'CodeIgniter\Session\Handlers\FileHandler' driver.
DEBUG - 2025-07-28 07:22:03 --> Session: Class initialized using 'CodeIgniter\Session\Handlers\FileHandler' driver.
DEBUG - 2025-07-28 07:22:05 --> Session: Class initialized using 'CodeIgniter\Session\Handlers\FileHandler' driver.
DEBUG - 2025-07-28 07:22:05 --> Session: Class initialized using 'CodeIgniter\Session\Handlers\FileHandler' driver.
DEBUG - 2025-07-28 07:22:12 --> Session: Class initialized using 'CodeIgniter\Session\Handlers\FileHandler' driver.
DEBUG - 2025-07-28 07:23:34 --> Session: Class initialized using 'CodeIgniter\Session\Handlers\FileHandler' driver.
DEBUG - 2025-07-28 07:23:35 --> Session: Class initialized using 'CodeIgniter\Session\Handlers\FileHandler' driver.
DEBUG - 2025-07-28 07:23:37 --> Session: Class initialized using 'CodeIgniter\Session\Handlers\FileHandler' driver.
DEBUG - 2025-07-28 07:23:37 --> Session: Class initialized using 'CodeIgniter\Session\Handlers\FileHandler' driver.
DEBUG - 2025-07-28 07:23:45 --> Session: Class initialized using 'CodeIgniter\Session\Handlers\FileHandler' driver.
DEBUG - 2025-07-28 07:23:45 --> Session: Class initialized using 'CodeIgniter\Session\Handlers\FileHandler' driver.
DEBUG - 2025-07-28 07:23:48 --> Session: Class initialized using 'CodeIgniter\Session\Handlers\FileHandler' driver.
DEBUG - 2025-07-28 07:23:49 --> Session: Class initialized using 'CodeIgniter\Session\Handlers\FileHandler' driver.
DEBUG - 2025-07-28 07:23:51 --> Session: Class initialized using 'CodeIgniter\Session\Handlers\FileHandler' driver.
DEBUG - 2025-07-28 07:23:52 --> Session: Class initialized using 'CodeIgniter\Session\Handlers\FileHandler' driver.
DEBUG - 2025-07-28 07:24:49 --> Session: Class initialized using 'CodeIgniter\Session\Handlers\FileHandler' driver.
DEBUG - 2025-07-28 07:24:49 --> Session: Class initialized using 'CodeIgniter\Session\Handlers\FileHandler' driver.
DEBUG - 2025-07-28 07:24:51 --> Session: Class initialized using 'CodeIgniter\Session\Handlers\FileHandler' driver.
DEBUG - 2025-07-28 07:24:53 --> Session: Class initialized using 'CodeIgniter\Session\Handlers\FileHandler' driver.
DEBUG - 2025-07-28 07:25:03 --> Session: Class initialized using 'CodeIgniter\Session\Handlers\FileHandler' driver.
DEBUG - 2025-07-28 07:29:11 --> Session: Class initialized using 'CodeIgniter\Session\Handlers\FileHandler' driver.
DEBUG - 2025-07-28 07:29:16 --> Session: Class initialized using 'CodeIgniter\Session\Handlers\FileHandler' driver.
DEBUG - 2025-07-28 07:29:16 --> Session: Class initialized using 'CodeIgniter\Session\Handlers\FileHandler' driver.
DEBUG - 2025-07-28 07:29:26 --> Session: Class initialized using 'CodeIgniter\Session\Handlers\FileHandler' driver.
DEBUG - 2025-07-28 07:29:26 --> Session: Class initialized using 'CodeIgniter\Session\Handlers\FileHandler' driver.
INFO - 2025-07-28 07:29:33 --> CSRF token verified.
DEBUG - 2025-07-28 07:29:33 --> Session: Class initialized using 'CodeIgniter\Session\Handlers\FileHandler' driver.
DEBUG - 2025-07-28 07:29:34 --> Session: Class initialized using 'CodeIgniter\Session\Handlers\FileHandler' driver.
DEBUG - 2025-07-28 07:29:37 --> Session: Class initialized using 'CodeIgniter\Session\Handlers\FileHandler' driver.
DEBUG - 2025-07-28 07:29:40 --> Session: Class initialized using 'CodeIgniter\Session\Handlers\FileHandler' driver.
DEBUG - 2025-07-28 07:29:43 --> Session: Class initialized using 'CodeIgniter\Session\Handlers\FileHandler' driver.
DEBUG - 2025-07-28 07:29:44 --> Session: Class initialized using 'CodeIgniter\Session\Handlers\FileHandler' driver.
DEBUG - 2025-07-28 07:29:48 --> Session: Class initialized using 'CodeIgniter\Session\Handlers\FileHandler' driver.
DEBUG - 2025-07-28 07:29:48 --> Session: Class initialized using 'CodeIgniter\Session\Handlers\FileHandler' driver.
DEBUG - 2025-07-28 07:29:50 --> Session: Class initialized using 'CodeIgniter\Session\Handlers\FileHandler' driver.
DEBUG - 2025-07-28 07:29:51 --> Session: Class initialized using 'CodeIgniter\Session\Handlers\FileHandler' driver.
DEBUG - 2025-07-28 07:30:56 --> Session: Class initialized using 'CodeIgniter\Session\Handlers\FileHandler' driver.
INFO - 2025-07-28 07:31:05 --> CSRF token verified.
DEBUG - 2025-07-28 07:31:05 --> Session: Class initialized using 'CodeIgniter\Session\Handlers\FileHandler' driver.
DEBUG - 2025-07-28 07:31:06 --> Session: Class initialized using 'CodeIgniter\Session\Handlers\FileHandler' driver.
DEBUG - 2025-07-28 07:31:07 --> Session: Class initialized using 'CodeIgniter\Session\Handlers\FileHandler' driver.
DEBUG - 2025-07-28 07:31:11 --> Session: Class initialized using 'CodeIgniter\Session\Handlers\FileHandler' driver.
DEBUG - 2025-07-28 07:31:15 --> Session: Class initialized using 'CodeIgniter\Session\Handlers\FileHandler' driver.
DEBUG - 2025-07-28 07:33:19 --> Session: Class initialized using 'CodeIgniter\Session\Handlers\FileHandler' driver.
DEBUG - 2025-07-28 07:33:19 --> Session: Class initialized using 'CodeIgniter\Session\Handlers\FileHandler' driver.
DEBUG - 2025-07-28 07:33:21 --> Session: Class initialized using 'CodeIgniter\Session\Handlers\FileHandler' driver.
DEBUG - 2025-07-28 07:33:23 --> Session: Class initialized using 'CodeIgniter\Session\Handlers\FileHandler' driver.
DEBUG - 2025-07-28 07:34:44 --> Session: Class initialized using 'CodeIgniter\Session\Handlers\FileHandler' driver.
DEBUG - 2025-07-28 07:34:48 --> Session: Class initialized using 'CodeIgniter\Session\Handlers\FileHandler' driver.
DEBUG - 2025-07-28 07:34:54 --> Session: Class initialized using 'CodeIgniter\Session\Handlers\FileHandler' driver.
DEBUG - 2025-07-28 07:34:54 --> Session: Class initialized using 'CodeIgniter\Session\Handlers\FileHandler' driver.
DEBUG - 2025-07-28 07:35:09 --> Session: Class initialized using 'CodeIgniter\Session\Handlers\FileHandler' driver.
DEBUG - 2025-07-28 07:35:09 --> Session: Class initialized using 'CodeIgniter\Session\Handlers\FileHandler' driver.
INFO - 2025-07-28 07:35:19 --> CSRF token verified.
DEBUG - 2025-07-28 07:35:19 --> Session: Class initialized using 'CodeIgniter\Session\Handlers\FileHandler' driver.
DEBUG - 2025-07-28 07:35:20 --> Session: Class initialized using 'CodeIgniter\Session\Handlers\FileHandler' driver.
DEBUG - 2025-07-28 07:35:21 --> Session: Class initialized using 'CodeIgniter\Session\Handlers\FileHandler' driver.
DEBUG - 2025-07-28 07:35:23 --> Session: Class initialized using 'CodeIgniter\Session\Handlers\FileHandler' driver.
DEBUG - 2025-07-28 07:35:33 --> Session: Class initialized using 'CodeIgniter\Session\Handlers\FileHandler' driver.
DEBUG - 2025-07-28 07:35:37 --> Session: Class initialized using 'CodeIgniter\Session\Handlers\FileHandler' driver.
DEBUG - 2025-07-28 07:35:42 --> Session: Class initialized using 'CodeIgniter\Session\Handlers\FileHandler' driver.
DEBUG - 2025-07-28 07:35:44 --> Session: Class initialized using 'CodeIgniter\Session\Handlers\FileHandler' driver.
DEBUG - 2025-07-28 07:35:47 --> Session: Class initialized using 'CodeIgniter\Session\Handlers\FileHandler' driver.
DEBUG - 2025-07-28 07:35:55 --> Session: Class initialized using 'CodeIgniter\Session\Handlers\FileHandler' driver.
DEBUG - 2025-07-28 07:36:05 --> Session: Class initialized using 'CodeIgniter\Session\Handlers\FileHandler' driver.
DEBUG - 2025-07-28 07:36:19 --> Session: Class initialized using 'CodeIgniter\Session\Handlers\FileHandler' driver.
DEBUG - 2025-07-28 07:36:26 --> Session: Class initialized using 'CodeIgniter\Session\Handlers\FileHandler' driver.
DEBUG - 2025-07-28 07:36:27 --> Session: Class initialized using 'CodeIgniter\Session\Handlers\FileHandler' driver.
DEBUG - 2025-07-28 07:36:29 --> Session: Class initialized using 'CodeIgniter\Session\Handlers\FileHandler' driver.
DEBUG - 2025-07-28 07:36:30 --> Session: Class initialized using 'CodeIgniter\Session\Handlers\FileHandler' driver.
DEBUG - 2025-07-28 07:43:13 --> Session: Class initialized using 'CodeIgniter\Session\Handlers\FileHandler' driver.
DEBUG - 2025-07-28 07:43:15 --> Session: Class initialized using 'CodeIgniter\Session\Handlers\FileHandler' driver.
DEBUG - 2025-07-28 07:43:15 --> Session: Class initialized using 'CodeIgniter\Session\Handlers\FileHandler' driver.
CRITICAL - 2025-07-28 07:43:15 --> CodeIgniter\View\Exceptions\ViewException: Invalid file: "public/kuesioner_question.php"
[Method: GET, Route: kuesioner/question/1]
in SYSTEMPATH/Exceptions/FrameworkException.php on line 39.
 1 SYSTEMPATH/View/View.php(212): CodeIgniter\Exceptions\FrameworkException::forInvalidFile('public/kuesioner_question.php')
 2 SYSTEMPATH/Common.php(1173): CodeIgniter\View\View->render('public/kuesioner_question', [], true)
 3 APPPATH/Controllers/KuesionerController.php(93): view('public/kuesioner_question', [...])
 4 SYSTEMPATH/CodeIgniter.php(933): App\Controllers\KuesionerController->question('1')
 5 SYSTEMPATH/CodeIgniter.php(507): CodeIgniter\CodeIgniter->runController(Object(App\Controllers\KuesionerController))
 6 SYSTEMPATH/CodeIgniter.php(354): CodeIgniter\CodeIgniter->handleRequest(null, Object(Config\Cache), false)
 7 SYSTEMPATH/Boot.php(334): CodeIgniter\CodeIgniter->run()
 8 SYSTEMPATH/Boot.php(67): CodeIgniter\Boot::runCodeIgniter(Object(CodeIgniter\CodeIgniter))
 9 FCPATH/index.php(59): CodeIgniter\Boot::bootWeb(Object(Config\Paths))
DEBUG - 2025-07-28 07:44:08 --> Session: Class initialized using 'CodeIgniter\Session\Handlers\FileHandler' driver.
DEBUG - 2025-07-28 07:44:09 --> Session: Class initialized using 'CodeIgniter\Session\Handlers\FileHandler' driver.
DEBUG - 2025-07-28 07:44:09 --> Session: Class initialized using 'CodeIgniter\Session\Handlers\FileHandler' driver.
CRITICAL - 2025-07-28 07:44:09 --> CodeIgniter\View\Exceptions\ViewException: Invalid file: "public/kuesioner_question.php"
[Method: GET, Route: kuesioner/question/1]
in SYSTEMPATH/Exceptions/FrameworkException.php on line 39.
 1 SYSTEMPATH/View/View.php(212): CodeIgniter\Exceptions\FrameworkException::forInvalidFile('public/kuesioner_question.php')
 2 SYSTEMPATH/Common.php(1173): CodeIgniter\View\View->render('public/kuesioner_question', [], true)
 3 APPPATH/Controllers/KuesionerController.php(93): view('public/kuesioner_question', [...])
 4 SYSTEMPATH/CodeIgniter.php(933): App\Controllers\KuesionerController->question('1')
 5 SYSTEMPATH/CodeIgniter.php(507): CodeIgniter\CodeIgniter->runController(Object(App\Controllers\KuesionerController))
 6 SYSTEMPATH/CodeIgniter.php(354): CodeIgniter\CodeIgniter->handleRequest(null, Object(Config\Cache), false)
 7 SYSTEMPATH/Boot.php(334): CodeIgniter\CodeIgniter->run()
 8 SYSTEMPATH/Boot.php(67): CodeIgniter\Boot::runCodeIgniter(Object(CodeIgniter\CodeIgniter))
 9 FCPATH/index.php(59): CodeIgniter\Boot::bootWeb(Object(Config\Paths))
DEBUG - 2025-07-28 07:46:09 --> Session: Class initialized using 'CodeIgniter\Session\Handlers\FileHandler' driver.
INFO - 2025-07-28 07:46:18 --> CSRF token verified.
DEBUG - 2025-07-28 07:46:18 --> Session: Class initialized using 'CodeIgniter\Session\Handlers\FileHandler' driver.
DEBUG - 2025-07-28 07:46:18 --> Session: Class initialized using 'CodeIgniter\Session\Handlers\FileHandler' driver.
INFO - 2025-07-28 07:46:23 --> CSRF token verified.
DEBUG - 2025-07-28 07:46:23 --> Session: Class initialized using 'CodeIgniter\Session\Handlers\FileHandler' driver.
DEBUG - 2025-07-28 07:46:23 --> Session: Class initialized using 'CodeIgniter\Session\Handlers\FileHandler' driver.
INFO - 2025-07-28 07:46:30 --> CSRF token verified.
DEBUG - 2025-07-28 07:46:30 --> Session: Class initialized using 'CodeIgniter\Session\Handlers\FileHandler' driver.
DEBUG - 2025-07-28 07:46:30 --> Session: Class initialized using 'CodeIgniter\Session\Handlers\FileHandler' driver.
INFO - 2025-07-28 07:46:41 --> CSRF token verified.
DEBUG - 2025-07-28 07:46:41 --> Session: Class initialized using 'CodeIgniter\Session\Handlers\FileHandler' driver.
DEBUG - 2025-07-28 07:46:41 --> Session: Class initialized using 'CodeIgniter\Session\Handlers\FileHandler' driver.
INFO - 2025-07-28 07:46:47 --> CSRF token verified.
DEBUG - 2025-07-28 07:46:47 --> Session: Class initialized using 'CodeIgniter\Session\Handlers\FileHandler' driver.
DEBUG - 2025-07-28 07:46:47 --> Session: Class initialized using 'CodeIgniter\Session\Handlers\FileHandler' driver.
INFO - 2025-07-28 07:46:51 --> CSRF token verified.
DEBUG - 2025-07-28 07:46:51 --> Session: Class initialized using 'CodeIgniter\Session\Handlers\FileHandler' driver.
DEBUG - 2025-07-28 07:46:51 --> Session: Class initialized using 'CodeIgniter\Session\Handlers\FileHandler' driver.
INFO - 2025-07-28 07:46:54 --> CSRF token verified.
DEBUG - 2025-07-28 07:46:54 --> Session: Class initialized using 'CodeIgniter\Session\Handlers\FileHandler' driver.
DEBUG - 2025-07-28 07:46:54 --> Session: Class initialized using 'CodeIgniter\Session\Handlers\FileHandler' driver.
INFO - 2025-07-28 07:46:57 --> CSRF token verified.
DEBUG - 2025-07-28 07:46:57 --> Session: Class initialized using 'CodeIgniter\Session\Handlers\FileHandler' driver.
DEBUG - 2025-07-28 07:46:57 --> Session: Class initialized using 'CodeIgniter\Session\Handlers\FileHandler' driver.
INFO - 2025-07-28 07:47:01 --> CSRF token verified.
DEBUG - 2025-07-28 07:47:01 --> Session: Class initialized using 'CodeIgniter\Session\Handlers\FileHandler' driver.
DEBUG - 2025-07-28 07:47:01 --> Session: Class initialized using 'CodeIgniter\Session\Handlers\FileHandler' driver.
INFO - 2025-07-28 07:47:05 --> CSRF token verified.
DEBUG - 2025-07-28 07:47:05 --> Session: Class initialized using 'CodeIgniter\Session\Handlers\FileHandler' driver.
DEBUG - 2025-07-28 07:47:06 --> Session: Class initialized using 'CodeIgniter\Session\Handlers\FileHandler' driver.
INFO - 2025-07-28 07:47:09 --> CSRF token verified.
DEBUG - 2025-07-28 07:47:09 --> Session: Class initialized using 'CodeIgniter\Session\Handlers\FileHandler' driver.
DEBUG - 2025-07-28 07:47:09 --> Session: Class initialized using 'CodeIgniter\Session\Handlers\FileHandler' driver.
INFO - 2025-07-28 07:47:13 --> CSRF token verified.
DEBUG - 2025-07-28 07:47:13 --> Session: Class initialized using 'CodeIgniter\Session\Handlers\FileHandler' driver.
DEBUG - 2025-07-28 07:47:13 --> Session: Class initialized using 'CodeIgniter\Session\Handlers\FileHandler' driver.
INFO - 2025-07-28 07:47:16 --> CSRF token verified.
DEBUG - 2025-07-28 07:47:16 --> Session: Class initialized using 'CodeIgniter\Session\Handlers\FileHandler' driver.
DEBUG - 2025-07-28 07:47:16 --> Session: Class initialized using 'CodeIgniter\Session\Handlers\FileHandler' driver.
INFO - 2025-07-28 07:47:19 --> CSRF token verified.
DEBUG - 2025-07-28 07:47:19 --> Session: Class initialized using 'CodeIgniter\Session\Handlers\FileHandler' driver.
DEBUG - 2025-07-28 07:47:19 --> Session: Class initialized using 'CodeIgniter\Session\Handlers\FileHandler' driver.
DEBUG - 2025-07-28 07:50:55 --> Session: Class initialized using 'CodeIgniter\Session\Handlers\FileHandler' driver.
INFO - 2025-07-28 07:50:57 --> CSRF token verified.
DEBUG - 2025-07-28 07:50:57 --> Session: Class initialized using 'CodeIgniter\Session\Handlers\FileHandler' driver.
DEBUG - 2025-07-28 07:50:57 --> Session: Class initialized using 'CodeIgniter\Session\Handlers\FileHandler' driver.
DEBUG - 2025-07-28 07:51:00 --> Session: Class initialized using 'CodeIgniter\Session\Handlers\FileHandler' driver.
DEBUG - 2025-07-28 07:51:02 --> Session: Class initialized using 'CodeIgniter\Session\Handlers\FileHandler' driver.
DEBUG - 2025-07-28 07:51:12 --> Session: Class initialized using 'CodeIgniter\Session\Handlers\FileHandler' driver.
DEBUG - 2025-07-28 07:51:12 --> Session: Class initialized using 'CodeIgniter\Session\Handlers\FileHandler' driver.
INFO - 2025-07-28 07:51:22 --> CSRF token verified.
DEBUG - 2025-07-28 07:51:22 --> Session: Class initialized using 'CodeIgniter\Session\Handlers\FileHandler' driver.
DEBUG - 2025-07-28 07:51:22 --> Session: Class initialized using 'CodeIgniter\Session\Handlers\FileHandler' driver.
DEBUG - 2025-07-28 07:51:25 --> Session: Class initialized using 'CodeIgniter\Session\Handlers\FileHandler' driver.
DEBUG - 2025-07-28 07:51:46 --> Session: Class initialized using 'CodeIgniter\Session\Handlers\FileHandler' driver.
DEBUG - 2025-07-28 07:51:48 --> Session: Class initialized using 'CodeIgniter\Session\Handlers\FileHandler' driver.
DEBUG - 2025-07-28 07:51:58 --> Session: Class initialized using 'CodeIgniter\Session\Handlers\FileHandler' driver.
DEBUG - 2025-07-28 07:51:59 --> Session: Class initialized using 'CodeIgniter\Session\Handlers\FileHandler' driver.
DEBUG - 2025-07-28 07:52:00 --> Session: Class initialized using 'CodeIgniter\Session\Handlers\FileHandler' driver.
INFO - 2025-07-28 07:52:12 --> CSRF token verified.
DEBUG - 2025-07-28 07:52:12 --> Session: Class initialized using 'CodeIgniter\Session\Handlers\FileHandler' driver.
DEBUG - 2025-07-28 07:52:12 --> Session: Class initialized using 'CodeIgniter\Session\Handlers\FileHandler' driver.
DEBUG - 2025-07-28 07:52:15 --> Session: Class initialized using 'CodeIgniter\Session\Handlers\FileHandler' driver.
DEBUG - 2025-07-28 07:52:16 --> Session: Class initialized using 'CodeIgniter\Session\Handlers\FileHandler' driver.
DEBUG - 2025-07-28 07:52:19 --> Session: Class initialized using 'CodeIgniter\Session\Handlers\FileHandler' driver.
DEBUG - 2025-07-28 07:52:20 --> Session: Class initialized using 'CodeIgniter\Session\Handlers\FileHandler' driver.
INFO - 2025-07-28 07:53:28 --> CSRF token verified.
DEBUG - 2025-07-28 07:53:28 --> Session: Class initialized using 'CodeIgniter\Session\Handlers\FileHandler' driver.
CRITICAL - 2025-07-28 07:53:28 --> CodeIgniter\Validation\Exceptions\ValidationException: "array" is not a valid rule.
[Method: POST, Route: admin/pertanyaan/store]
in SYSTEMPATH/Validation/Validation.php on line 345.
 1 SYSTEMPATH/Validation/Validation.php(345): CodeIgniter\Validation\Exceptions\ValidationException::forRuleNotFound('array')
 2 SYSTEMPATH/Validation/Validation.php(201): CodeIgniter\Validation\Validation->processRules('opsi_teks', 'opsi_teks', [...], [...], [...], 'opsi_teks')
 3 SYSTEMPATH/Controller.php(138): CodeIgniter\Validation\Validation->run()
 4 APPPATH/Controllers/AdminController.php(178): CodeIgniter\Controller->validate([...])
 5 SYSTEMPATH/CodeIgniter.php(933): App\Controllers\AdminController->storePertanyaan()
 6 SYSTEMPATH/CodeIgniter.php(507): CodeIgniter\CodeIgniter->runController(Object(App\Controllers\AdminController))
 7 SYSTEMPATH/CodeIgniter.php(354): CodeIgniter\CodeIgniter->handleRequest(null, Object(Config\Cache), false)
 8 SYSTEMPATH/Boot.php(334): CodeIgniter\CodeIgniter->run()
 9 SYSTEMPATH/Boot.php(67): CodeIgniter\Boot::runCodeIgniter(Object(CodeIgniter\CodeIgniter))
10 FCPATH/index.php(59): CodeIgniter\Boot::bootWeb(Object(Config\Paths))
INFO - 2025-07-28 07:54:49 --> CSRF token verified.
DEBUG - 2025-07-28 07:54:49 --> Session: Class initialized using 'CodeIgniter\Session\Handlers\FileHandler' driver.
CRITICAL - 2025-07-28 07:54:49 --> CodeIgniter\Validation\Exceptions\ValidationException: "array" is not a valid rule.
[Method: POST, Route: admin/pertanyaan/store]
in SYSTEMPATH/Validation/Validation.php on line 345.
 1 SYSTEMPATH/Validation/Validation.php(345): CodeIgniter\Validation\Exceptions\ValidationException::forRuleNotFound('array')
 2 SYSTEMPATH/Validation/Validation.php(201): CodeIgniter\Validation\Validation->processRules('opsi_teks', 'opsi_teks', [...], [...], [...], 'opsi_teks')
 3 SYSTEMPATH/Controller.php(138): CodeIgniter\Validation\Validation->run()
 4 APPPATH/Controllers/AdminController.php(178): CodeIgniter\Controller->validate([...])
 5 SYSTEMPATH/CodeIgniter.php(933): App\Controllers\AdminController->storePertanyaan()
 6 SYSTEMPATH/CodeIgniter.php(507): CodeIgniter\CodeIgniter->runController(Object(App\Controllers\AdminController))
 7 SYSTEMPATH/CodeIgniter.php(354): CodeIgniter\CodeIgniter->handleRequest(null, Object(Config\Cache), false)
 8 SYSTEMPATH/Boot.php(334): CodeIgniter\CodeIgniter->run()
 9 SYSTEMPATH/Boot.php(67): CodeIgniter\Boot::runCodeIgniter(Object(CodeIgniter\CodeIgniter))
10 FCPATH/index.php(59): CodeIgniter\Boot::bootWeb(Object(Config\Paths))
INFO - 2025-07-28 07:54:52 --> CSRF token verified.
DEBUG - 2025-07-28 07:54:52 --> Session: Class initialized using 'CodeIgniter\Session\Handlers\FileHandler' driver.
CRITICAL - 2025-07-28 07:54:52 --> CodeIgniter\Validation\Exceptions\ValidationException: "array" is not a valid rule.
[Method: POST, Route: admin/pertanyaan/store]
in SYSTEMPATH/Validation/Validation.php on line 345.
 1 SYSTEMPATH/Validation/Validation.php(345): CodeIgniter\Validation\Exceptions\ValidationException::forRuleNotFound('array')
 2 SYSTEMPATH/Validation/Validation.php(201): CodeIgniter\Validation\Validation->processRules('opsi_teks', 'opsi_teks', [...], [...], [...], 'opsi_teks')
 3 SYSTEMPATH/Controller.php(138): CodeIgniter\Validation\Validation->run()
 4 APPPATH/Controllers/AdminController.php(178): CodeIgniter\Controller->validate([...])
 5 SYSTEMPATH/CodeIgniter.php(933): App\Controllers\AdminController->storePertanyaan()
 6 SYSTEMPATH/CodeIgniter.php(507): CodeIgniter\CodeIgniter->runController(Object(App\Controllers\AdminController))
 7 SYSTEMPATH/CodeIgniter.php(354): CodeIgniter\CodeIgniter->handleRequest(null, Object(Config\Cache), false)
 8 SYSTEMPATH/Boot.php(334): CodeIgniter\CodeIgniter->run()
 9 SYSTEMPATH/Boot.php(67): CodeIgniter\Boot::runCodeIgniter(Object(CodeIgniter\CodeIgniter))
10 FCPATH/index.php(59): CodeIgniter\Boot::bootWeb(Object(Config\Paths))
INFO - 2025-07-28 07:55:18 --> CSRF token verified.
DEBUG - 2025-07-28 07:55:18 --> Session: Class initialized using 'CodeIgniter\Session\Handlers\FileHandler' driver.
CRITICAL - 2025-07-28 07:55:18 --> CodeIgniter\Validation\Exceptions\ValidationException: "array" is not a valid rule.
[Method: POST, Route: admin/pertanyaan/store]
in SYSTEMPATH/Validation/Validation.php on line 345.
 1 SYSTEMPATH/Validation/Validation.php(345): CodeIgniter\Validation\Exceptions\ValidationException::forRuleNotFound('array')
 2 SYSTEMPATH/Validation/Validation.php(201): CodeIgniter\Validation\Validation->processRules('opsi_teks', 'opsi_teks', [...], [...], [...], 'opsi_teks')
 3 SYSTEMPATH/Controller.php(138): CodeIgniter\Validation\Validation->run()
 4 APPPATH/Controllers/AdminController.php(178): CodeIgniter\Controller->validate([...])
 5 SYSTEMPATH/CodeIgniter.php(933): App\Controllers\AdminController->storePertanyaan()
 6 SYSTEMPATH/CodeIgniter.php(507): CodeIgniter\CodeIgniter->runController(Object(App\Controllers\AdminController))
 7 SYSTEMPATH/CodeIgniter.php(354): CodeIgniter\CodeIgniter->handleRequest(null, Object(Config\Cache), false)
 8 SYSTEMPATH/Boot.php(334): CodeIgniter\CodeIgniter->run()
 9 SYSTEMPATH/Boot.php(67): CodeIgniter\Boot::runCodeIgniter(Object(CodeIgniter\CodeIgniter))
10 FCPATH/index.php(59): CodeIgniter\Boot::bootWeb(Object(Config\Paths))
INFO - 2025-07-28 07:55:21 --> CSRF token verified.
DEBUG - 2025-07-28 07:55:21 --> Session: Class initialized using 'CodeIgniter\Session\Handlers\FileHandler' driver.
CRITICAL - 2025-07-28 07:55:21 --> CodeIgniter\Validation\Exceptions\ValidationException: "array" is not a valid rule.
[Method: POST, Route: admin/pertanyaan/store]
in SYSTEMPATH/Validation/Validation.php on line 345.
 1 SYSTEMPATH/Validation/Validation.php(345): CodeIgniter\Validation\Exceptions\ValidationException::forRuleNotFound('array')
 2 SYSTEMPATH/Validation/Validation.php(201): CodeIgniter\Validation\Validation->processRules('opsi_teks', 'opsi_teks', [...], [...], [...], 'opsi_teks')
 3 SYSTEMPATH/Controller.php(138): CodeIgniter\Validation\Validation->run()
 4 APPPATH/Controllers/AdminController.php(178): CodeIgniter\Controller->validate([...])
 5 SYSTEMPATH/CodeIgniter.php(933): App\Controllers\AdminController->storePertanyaan()
 6 SYSTEMPATH/CodeIgniter.php(507): CodeIgniter\CodeIgniter->runController(Object(App\Controllers\AdminController))
 7 SYSTEMPATH/CodeIgniter.php(354): CodeIgniter\CodeIgniter->handleRequest(null, Object(Config\Cache), false)
 8 SYSTEMPATH/Boot.php(334): CodeIgniter\CodeIgniter->run()
 9 SYSTEMPATH/Boot.php(67): CodeIgniter\Boot::runCodeIgniter(Object(CodeIgniter\CodeIgniter))
10 FCPATH/index.php(59): CodeIgniter\Boot::bootWeb(Object(Config\Paths))
INFO - 2025-07-28 07:59:17 --> CSRF token verified.
DEBUG - 2025-07-28 07:59:17 --> Session: Class initialized using 'CodeIgniter\Session\Handlers\FileHandler' driver.
CRITICAL - 2025-07-28 07:59:17 --> CodeIgniter\Validation\Exceptions\ValidationException: "array" is not a valid rule.
[Method: POST, Route: admin/pertanyaan/store]
in SYSTEMPATH/Validation/Validation.php on line 345.
 1 SYSTEMPATH/Validation/Validation.php(345): CodeIgniter\Validation\Exceptions\ValidationException::forRuleNotFound('array')
 2 SYSTEMPATH/Validation/Validation.php(201): CodeIgniter\Validation\Validation->processRules('opsi_teks', 'opsi_teks', [...], [...], [...], 'opsi_teks')
 3 SYSTEMPATH/Controller.php(138): CodeIgniter\Validation\Validation->run()
 4 APPPATH/Controllers/AdminController.php(178): CodeIgniter\Controller->validate([...])
 5 SYSTEMPATH/CodeIgniter.php(933): App\Controllers\AdminController->storePertanyaan()
 6 SYSTEMPATH/CodeIgniter.php(507): CodeIgniter\CodeIgniter->runController(Object(App\Controllers\AdminController))
 7 SYSTEMPATH/CodeIgniter.php(354): CodeIgniter\CodeIgniter->handleRequest(null, Object(Config\Cache), false)
 8 SYSTEMPATH/Boot.php(334): CodeIgniter\CodeIgniter->run()
 9 SYSTEMPATH/Boot.php(67): CodeIgniter\Boot::runCodeIgniter(Object(CodeIgniter\CodeIgniter))
10 FCPATH/index.php(59): CodeIgniter\Boot::bootWeb(Object(Config\Paths))
DEBUG - 2025-07-28 08:03:19 --> Session: Class initialized using 'CodeIgniter\Session\Handlers\FileHandler' driver.
INFO - 2025-07-28 08:03:20 --> CSRF token verified.
DEBUG - 2025-07-28 08:03:20 --> Session: Class initialized using 'CodeIgniter\Session\Handlers\FileHandler' driver.
CRITICAL - 2025-07-28 08:03:20 --> CodeIgniter\Validation\Exceptions\ValidationException: "array" is not a valid rule.
[Method: POST, Route: admin/pertanyaan/store]
in SYSTEMPATH/Validation/Validation.php on line 345.
 1 SYSTEMPATH/Validation/Validation.php(345): CodeIgniter\Validation\Exceptions\ValidationException::forRuleNotFound('array')
 2 SYSTEMPATH/Validation/Validation.php(201): CodeIgniter\Validation\Validation->processRules('opsi_teks', 'opsi_teks', [...], [...], [...], 'opsi_teks')
 3 SYSTEMPATH/Controller.php(138): CodeIgniter\Validation\Validation->run()
 4 APPPATH/Controllers/AdminController.php(178): CodeIgniter\Controller->validate([...])
 5 SYSTEMPATH/CodeIgniter.php(933): App\Controllers\AdminController->storePertanyaan()
 6 SYSTEMPATH/CodeIgniter.php(507): CodeIgniter\CodeIgniter->runController(Object(App\Controllers\AdminController))
 7 SYSTEMPATH/CodeIgniter.php(354): CodeIgniter\CodeIgniter->handleRequest(null, Object(Config\Cache), false)
 8 SYSTEMPATH/Boot.php(334): CodeIgniter\CodeIgniter->run()
 9 SYSTEMPATH/Boot.php(67): CodeIgniter\Boot::runCodeIgniter(Object(CodeIgniter\CodeIgniter))
10 FCPATH/index.php(59): CodeIgniter\Boot::bootWeb(Object(Config\Paths))
DEBUG - 2025-07-28 08:08:14 --> Session: Class initialized using 'CodeIgniter\Session\Handlers\FileHandler' driver.
INFO - 2025-07-28 08:08:16 --> CSRF token verified.
DEBUG - 2025-07-28 08:08:16 --> Session: Class initialized using 'CodeIgniter\Session\Handlers\FileHandler' driver.
CRITICAL - 2025-07-28 08:08:16 --> CodeIgniter\Validation\Exceptions\ValidationException: "array" is not a valid rule.
[Method: POST, Route: admin/pertanyaan/store]
in SYSTEMPATH/Validation/Validation.php on line 345.
 1 SYSTEMPATH/Validation/Validation.php(345): CodeIgniter\Validation\Exceptions\ValidationException::forRuleNotFound('array')
 2 SYSTEMPATH/Validation/Validation.php(201): CodeIgniter\Validation\Validation->processRules('opsi_teks', 'opsi_teks', [...], [...], [...], 'opsi_teks')
 3 SYSTEMPATH/Controller.php(138): CodeIgniter\Validation\Validation->run()
 4 APPPATH/Controllers/AdminController.php(178): CodeIgniter\Controller->validate([...])
 5 SYSTEMPATH/CodeIgniter.php(933): App\Controllers\AdminController->storePertanyaan()
 6 SYSTEMPATH/CodeIgniter.php(507): CodeIgniter\CodeIgniter->runController(Object(App\Controllers\AdminController))
 7 SYSTEMPATH/CodeIgniter.php(354): CodeIgniter\CodeIgniter->handleRequest(null, Object(Config\Cache), false)
 8 SYSTEMPATH/Boot.php(334): CodeIgniter\CodeIgniter->run()
 9 SYSTEMPATH/Boot.php(67): CodeIgniter\Boot::runCodeIgniter(Object(CodeIgniter\CodeIgniter))
10 FCPATH/index.php(59): CodeIgniter\Boot::bootWeb(Object(Config\Paths))
DEBUG - 2025-07-28 08:08:18 --> Session: Class initialized using 'CodeIgniter\Session\Handlers\FileHandler' driver.
DEBUG - 2025-07-28 08:08:20 --> Session: Class initialized using 'CodeIgniter\Session\Handlers\FileHandler' driver.
DEBUG - 2025-07-28 08:08:20 --> Session: Class initialized using 'CodeIgniter\Session\Handlers\FileHandler' driver.
INFO - 2025-07-28 08:08:32 --> CSRF token verified.
DEBUG - 2025-07-28 08:08:32 --> Session: Class initialized using 'CodeIgniter\Session\Handlers\FileHandler' driver.
DEBUG - 2025-07-28 08:08:33 --> Session: Class initialized using 'CodeIgniter\Session\Handlers\FileHandler' driver.
DEBUG - 2025-07-28 08:08:36 --> Session: Class initialized using 'CodeIgniter\Session\Handlers\FileHandler' driver.
DEBUG - 2025-07-28 08:08:39 --> Session: Class initialized using 'CodeIgniter\Session\Handlers\FileHandler' driver.
DEBUG - 2025-07-28 08:08:41 --> Session: Class initialized using 'CodeIgniter\Session\Handlers\FileHandler' driver.
INFO - 2025-07-28 08:09:46 --> CSRF token verified.
DEBUG - 2025-07-28 08:09:46 --> Session: Class initialized using 'CodeIgniter\Session\Handlers\FileHandler' driver.
CRITICAL - 2025-07-28 08:09:46 --> CodeIgniter\Validation\Exceptions\ValidationException: "array" is not a valid rule.
[Method: POST, Route: admin/pertanyaan/store]
in SYSTEMPATH/Validation/Validation.php on line 345.
 1 SYSTEMPATH/Validation/Validation.php(345): CodeIgniter\Validation\Exceptions\ValidationException::forRuleNotFound('array')
 2 SYSTEMPATH/Validation/Validation.php(201): CodeIgniter\Validation\Validation->processRules('opsi_teks', 'opsi_teks', [...], [...], [...], 'opsi_teks')
 3 SYSTEMPATH/Controller.php(138): CodeIgniter\Validation\Validation->run()
 4 APPPATH/Controllers/AdminController.php(178): CodeIgniter\Controller->validate([...])
 5 SYSTEMPATH/CodeIgniter.php(933): App\Controllers\AdminController->storePertanyaan()
 6 SYSTEMPATH/CodeIgniter.php(507): CodeIgniter\CodeIgniter->runController(Object(App\Controllers\AdminController))
 7 SYSTEMPATH/CodeIgniter.php(354): CodeIgniter\CodeIgniter->handleRequest(null, Object(Config\Cache), false)
 8 SYSTEMPATH/Boot.php(334): CodeIgniter\CodeIgniter->run()
 9 SYSTEMPATH/Boot.php(67): CodeIgniter\Boot::runCodeIgniter(Object(CodeIgniter\CodeIgniter))
10 FCPATH/index.php(59): CodeIgniter\Boot::bootWeb(Object(Config\Paths))
INFO - 2025-07-28 08:17:41 --> CSRF token verified.
DEBUG - 2025-07-28 08:17:41 --> Session: Class initialized using 'CodeIgniter\Session\Handlers\FileHandler' driver.
CRITICAL - 2025-07-28 08:17:41 --> CodeIgniter\Validation\Exceptions\ValidationException: "array" is not a valid rule.
[Method: POST, Route: admin/pertanyaan/store]
in SYSTEMPATH/Validation/Validation.php on line 345.
 1 SYSTEMPATH/Validation/Validation.php(345): CodeIgniter\Validation\Exceptions\ValidationException::forRuleNotFound('array')
 2 SYSTEMPATH/Validation/Validation.php(201): CodeIgniter\Validation\Validation->processRules('opsi_teks', 'opsi_teks', [...], [...], [...], 'opsi_teks')
 3 SYSTEMPATH/Controller.php(138): CodeIgniter\Validation\Validation->run()
 4 APPPATH/Controllers/AdminController.php(178): CodeIgniter\Controller->validate([...])
 5 SYSTEMPATH/CodeIgniter.php(933): App\Controllers\AdminController->storePertanyaan()
 6 SYSTEMPATH/CodeIgniter.php(507): CodeIgniter\CodeIgniter->runController(Object(App\Controllers\AdminController))
 7 SYSTEMPATH/CodeIgniter.php(354): CodeIgniter\CodeIgniter->handleRequest(null, Object(Config\Cache), false)
 8 SYSTEMPATH/Boot.php(334): CodeIgniter\CodeIgniter->run()
 9 SYSTEMPATH/Boot.php(67): CodeIgniter\Boot::runCodeIgniter(Object(CodeIgniter\CodeIgniter))
10 FCPATH/index.php(59): CodeIgniter\Boot::bootWeb(Object(Config\Paths))
DEBUG - 2025-07-28 08:17:45 --> Session: Class initialized using 'CodeIgniter\Session\Handlers\FileHandler' driver.
DEBUG - 2025-07-28 08:17:48 --> Session: Class initialized using 'CodeIgniter\Session\Handlers\FileHandler' driver.
INFO - 2025-07-28 08:18:02 --> CSRF token verified.
DEBUG - 2025-07-28 08:18:02 --> Session: Class initialized using 'CodeIgniter\Session\Handlers\FileHandler' driver.
CRITICAL - 2025-07-28 08:18:02 --> CodeIgniter\Validation\Exceptions\ValidationException: "array" is not a valid rule.
[Method: POST, Route: admin/pertanyaan/store]
in SYSTEMPATH/Validation/Validation.php on line 345.
 1 SYSTEMPATH/Validation/Validation.php(345): CodeIgniter\Validation\Exceptions\ValidationException::forRuleNotFound('array')
 2 SYSTEMPATH/Validation/Validation.php(201): CodeIgniter\Validation\Validation->processRules('opsi_teks', 'opsi_teks', [...], [...], [...], 'opsi_teks')
 3 SYSTEMPATH/Controller.php(138): CodeIgniter\Validation\Validation->run()
 4 APPPATH/Controllers/AdminController.php(178): CodeIgniter\Controller->validate([...])
 5 SYSTEMPATH/CodeIgniter.php(933): App\Controllers\AdminController->storePertanyaan()
 6 SYSTEMPATH/CodeIgniter.php(507): CodeIgniter\CodeIgniter->runController(Object(App\Controllers\AdminController))
 7 SYSTEMPATH/CodeIgniter.php(354): CodeIgniter\CodeIgniter->handleRequest(null, Object(Config\Cache), false)
 8 SYSTEMPATH/Boot.php(334): CodeIgniter\CodeIgniter->run()
 9 SYSTEMPATH/Boot.php(67): CodeIgniter\Boot::runCodeIgniter(Object(CodeIgniter\CodeIgniter))
10 FCPATH/index.php(59): CodeIgniter\Boot::bootWeb(Object(Config\Paths))
ERROR - 2025-07-28 08:42:59 --> Error connecting to the database: mysqli_sql_exception: No such file or directory in /Applications/MAMP/htdocs/IKM-BKHIT/system/Database/MySQLi/Connection.php:201
Stack trace:
#0 /Applications/MAMP/htdocs/IKM-BKHIT/system/Database/MySQLi/Connection.php(201): mysqli->real_connect('localhost', 'root', Object(SensitiveParameterValue), 'ikm', 3306, '', 0)
#1 /Applications/MAMP/htdocs/IKM-BKHIT/system/Database/BaseConnection.php(421): CodeIgniter\Database\MySQLi\Connection->connect(false)
#2 /Applications/MAMP/htdocs/IKM-BKHIT/system/Database/Database.php(72): CodeIgniter\Database\BaseConnection->initialize()
#3 /Applications/MAMP/htdocs/IKM-BKHIT/system/Database/Config.php(109): CodeIgniter\Database\Database->loadForge(Object(CodeIgniter\Database\MySQLi\Connection))
#4 /Applications/MAMP/htdocs/IKM-BKHIT/system/Database/Seeder.php(98): CodeIgniter\Database\Config::forge(NULL)
#5 /Applications/MAMP/htdocs/IKM-BKHIT/system/Commands/Database/Seed.php(71): CodeIgniter\Database\Seeder->__construct(Object(Config\Database))
#6 /Applications/MAMP/htdocs/IKM-BKHIT/system/CLI/Commands.php(74): CodeIgniter\Commands\Database\Seed->run(Array)
#7 /Applications/MAMP/htdocs/IKM-BKHIT/system/CLI/Console.php(47): CodeIgniter\CLI\Commands->run('db:seed', Array)
#8 /Applications/MAMP/htdocs/IKM-BKHIT/system/Boot.php(360): CodeIgniter\CLI\Console->run()
#9 /Applications/MAMP/htdocs/IKM-BKHIT/system/Boot.php(104): CodeIgniter\Boot::runCommand(Object(CodeIgniter\CLI\Console))
#10 /Applications/MAMP/htdocs/IKM-BKHIT/spark(87): CodeIgniter\Boot::bootSpark(Object(Config\Paths))
#11 {main}

Next CodeIgniter\Database\Exceptions\DatabaseException: No such file or directory in /Applications/MAMP/htdocs/IKM-BKHIT/system/Database/MySQLi/Connection.php:246
Stack trace:
#0 /Applications/MAMP/htdocs/IKM-BKHIT/system/Database/BaseConnection.php(421): CodeIgniter\Database\MySQLi\Connection->connect(false)
#1 /Applications/MAMP/htdocs/IKM-BKHIT/system/Database/Database.php(72): CodeIgniter\Database\BaseConnection->initialize()
#2 /Applications/MAMP/htdocs/IKM-BKHIT/system/Database/Config.php(109): CodeIgniter\Database\Database->loadForge(Object(CodeIgniter\Database\MySQLi\Connection))
#3 /Applications/MAMP/htdocs/IKM-BKHIT/system/Database/Seeder.php(98): CodeIgniter\Database\Config::forge(NULL)
#4 /Applications/MAMP/htdocs/IKM-BKHIT/system/Commands/Database/Seed.php(71): CodeIgniter\Database\Seeder->__construct(Object(Config\Database))
#5 /Applications/MAMP/htdocs/IKM-BKHIT/system/CLI/Commands.php(74): CodeIgniter\Commands\Database\Seed->run(Array)
#6 /Applications/MAMP/htdocs/IKM-BKHIT/system/CLI/Console.php(47): CodeIgniter\CLI\Commands->run('db:seed', Array)
#7 /Applications/MAMP/htdocs/IKM-BKHIT/system/Boot.php(360): CodeIgniter\CLI\Console->run()
#8 /Applications/MAMP/htdocs/IKM-BKHIT/system/Boot.php(104): CodeIgniter\Boot::runCommand(Object(CodeIgniter\CLI\Console))
#9 /Applications/MAMP/htdocs/IKM-BKHIT/spark(87): CodeIgniter\Boot::bootSpark(Object(Config\Paths))
#10 {main}
CRITICAL - 2025-07-28 08:42:59 --> CodeIgniter\Database\Exceptions\DatabaseException: Unable to connect to the database.
Main connection [MySQLi]: No such file or directory
[Method: CLI, Route: db:seed/KuesionerSeeder/#/Mengisi/kuesioner/dan/jawaban/granular/dummy]
in SYSTEMPATH/Database/BaseConnection.php on line 467.
 1 SYSTEMPATH/Database/Database.php(72): CodeIgniter\Database\BaseConnection->initialize()
 2 SYSTEMPATH/Database/Config.php(109): CodeIgniter\Database\Database->loadForge(Object(CodeIgniter\Database\MySQLi\Connection))
 3 SYSTEMPATH/Database/Seeder.php(98): CodeIgniter\Database\Config::forge(null)
 4 SYSTEMPATH/Commands/Database/Seed.php(71): CodeIgniter\Database\Seeder->__construct(Object(Config\Database))
 5 SYSTEMPATH/CLI/Commands.php(74): CodeIgniter\Commands\Database\Seed->run([...])
 6 SYSTEMPATH/CLI/Console.php(47): CodeIgniter\CLI\Commands->run('db:seed', [...])
 7 SYSTEMPATH/Boot.php(360): CodeIgniter\CLI\Console->run()
 8 SYSTEMPATH/Boot.php(104): CodeIgniter\Boot::runCommand(Object(CodeIgniter\CLI\Console))
 9 ROOTPATH/spark(87): CodeIgniter\Boot::bootSpark(Object(Config\Paths))
DEBUG - 2025-07-28 08:45:15 --> Session: Class initialized using 'CodeIgniter\Session\Handlers\FileHandler' driver.
INFO - 2025-07-28 08:45:17 --> CSRF token verified.
DEBUG - 2025-07-28 08:45:17 --> Session: Class initialized using 'CodeIgniter\Session\Handlers\FileHandler' driver.
CRITICAL - 2025-07-28 08:45:17 --> CodeIgniter\Validation\Exceptions\ValidationException: "array" is not a valid rule.
[Method: POST, Route: admin/pertanyaan/store]
in SYSTEMPATH/Validation/Validation.php on line 345.
 1 SYSTEMPATH/Validation/Validation.php(345): CodeIgniter\Validation\Exceptions\ValidationException::forRuleNotFound('array')
 2 SYSTEMPATH/Validation/Validation.php(201): CodeIgniter\Validation\Validation->processRules('opsi_teks', 'opsi_teks', [...], [...], [...], 'opsi_teks')
 3 SYSTEMPATH/Controller.php(138): CodeIgniter\Validation\Validation->run()
 4 APPPATH/Controllers/AdminController.php(178): CodeIgniter\Controller->validate([...])
 5 SYSTEMPATH/CodeIgniter.php(933): App\Controllers\AdminController->storePertanyaan()
 6 SYSTEMPATH/CodeIgniter.php(507): CodeIgniter\CodeIgniter->runController(Object(App\Controllers\AdminController))
 7 SYSTEMPATH/CodeIgniter.php(354): CodeIgniter\CodeIgniter->handleRequest(null, Object(Config\Cache), false)
 8 SYSTEMPATH/Boot.php(334): CodeIgniter\CodeIgniter->run()
 9 SYSTEMPATH/Boot.php(67): CodeIgniter\Boot::runCodeIgniter(Object(CodeIgniter\CodeIgniter))
10 FCPATH/index.php(59): CodeIgniter\Boot::bootWeb(Object(Config\Paths))
DEBUG - 2025-07-28 08:45:20 --> Session: Class initialized using 'CodeIgniter\Session\Handlers\FileHandler' driver.
DEBUG - 2025-07-28 08:45:22 --> Session: Class initialized using 'CodeIgniter\Session\Handlers\FileHandler' driver.
DEBUG - 2025-07-28 08:45:22 --> Session: Class initialized using 'CodeIgniter\Session\Handlers\FileHandler' driver.
DEBUG - 2025-07-28 08:45:25 --> Session: Class initialized using 'CodeIgniter\Session\Handlers\FileHandler' driver.
DEBUG - 2025-07-28 08:45:25 --> Session: Class initialized using 'CodeIgniter\Session\Handlers\FileHandler' driver.
DEBUG - 2025-07-28 08:45:26 --> Session: Class initialized using 'CodeIgniter\Session\Handlers\FileHandler' driver.
DEBUG - 2025-07-28 08:45:26 --> Session: Class initialized using 'CodeIgniter\Session\Handlers\FileHandler' driver.
DEBUG - 2025-07-28 08:45:28 --> Session: Class initialized using 'CodeIgniter\Session\Handlers\FileHandler' driver.
DEBUG - 2025-07-28 08:45:29 --> Session: Class initialized using 'CodeIgniter\Session\Handlers\FileHandler' driver.
DEBUG - 2025-07-28 08:45:29 --> Session: Class initialized using 'CodeIgniter\Session\Handlers\FileHandler' driver.
DEBUG - 2025-07-28 08:45:30 --> Session: Class initialized using 'CodeIgniter\Session\Handlers\FileHandler' driver.
DEBUG - 2025-07-28 08:45:33 --> Session: Class initialized using 'CodeIgniter\Session\Handlers\FileHandler' driver.
DEBUG - 2025-07-28 15:54:45 --> Session: Class initialized using 'CodeIgniter\Session\Handlers\FileHandler' driver.
DEBUG - 2025-07-28 15:54:48 --> Session: Class initialized using 'CodeIgniter\Session\Handlers\FileHandler' driver.
DEBUG - 2025-07-28 15:54:57 --> Session: Class initialized using 'CodeIgniter\Session\Handlers\FileHandler' driver.
DEBUG - 2025-07-28 15:54:57 --> Session: Class initialized using 'CodeIgniter\Session\Handlers\FileHandler' driver.
INFO - 2025-07-28 15:55:09 --> CSRF token verified.
DEBUG - 2025-07-28 15:55:09 --> Session: Class initialized using 'CodeIgniter\Session\Handlers\FileHandler' driver.
DEBUG - 2025-07-28 15:55:09 --> Session: Class initialized using 'CodeIgniter\Session\Handlers\FileHandler' driver.
DEBUG - 2025-07-28 15:55:11 --> Session: Class initialized using 'CodeIgniter\Session\Handlers\FileHandler' driver.
DEBUG - 2025-07-28 15:55:12 --> Session: Class initialized using 'CodeIgniter\Session\Handlers\FileHandler' driver.
DEBUG - 2025-07-28 15:55:16 --> Session: Class initialized using 'CodeIgniter\Session\Handlers\FileHandler' driver.
DEBUG - 2025-07-28 15:55:17 --> Session: Class initialized using 'CodeIgniter\Session\Handlers\FileHandler' driver.
INFO - 2025-07-28 15:55:53 --> CSRF token verified.
DEBUG - 2025-07-28 15:55:53 --> Session: Class initialized using 'CodeIgniter\Session\Handlers\FileHandler' driver.
CRITICAL - 2025-07-28 15:55:54 --> CodeIgniter\Validation\Exceptions\ValidationException: "array" is not a valid rule.
[Method: POST, Route: admin/pertanyaan/store]
in SYSTEMPATH/Validation/Validation.php on line 345.
 1 SYSTEMPATH/Validation/Validation.php(345): CodeIgniter\Validation\Exceptions\ValidationException::forRuleNotFound('array')
 2 SYSTEMPATH/Validation/Validation.php(201): CodeIgniter\Validation\Validation->processRules('opsi_teks', 'opsi_teks', [...], [...], [...], 'opsi_teks')
 3 SYSTEMPATH/Controller.php(138): CodeIgniter\Validation\Validation->run()
 4 APPPATH/Controllers/AdminController.php(178): CodeIgniter\Controller->validate([...])
 5 SYSTEMPATH/CodeIgniter.php(933): App\Controllers\AdminController->storePertanyaan()
 6 SYSTEMPATH/CodeIgniter.php(507): CodeIgniter\CodeIgniter->runController(Object(App\Controllers\AdminController))
 7 SYSTEMPATH/CodeIgniter.php(354): CodeIgniter\CodeIgniter->handleRequest(null, Object(Config\Cache), false)
 8 SYSTEMPATH/Boot.php(334): CodeIgniter\CodeIgniter->run()
 9 SYSTEMPATH/Boot.php(67): CodeIgniter\Boot::runCodeIgniter(Object(CodeIgniter\CodeIgniter))
10 FCPATH/index.php(59): CodeIgniter\Boot::bootWeb(Object(Config\Paths))
